Sun Jan 22 21:45:46 -03 2023 2: It is dead
Sun Jan 22 21:45:47 -03 2023 2: It is dead
Sun Jan 22 21:45:49 -03 2023 2: It is dead
Sun Jan 22 21:45:50 -03 2023 2: It is dead
Sun Jan 22 21:45:51 -03 2023 2: It is dead
Sun Jan 22 21:45:52 -03 2023 2: It is dead
Sun Jan 22 21:45:53 -03 2023 2: It is dead
Sun Jan 22 21:45:54 -03 2023 2: It is dead
Sun Jan 22 21:45:55 -03 2023 2: It is dead
Sun Jan 22 21:49:29 -03 2023 2: It is dead
Sun Jan 22 21:49:30 -03 2023 2: It is dead
Sun Jan 22 21:49:31 -03 2023 2: It is dead
Sun Jan 22 21:49:32 -03 2023 2: It is dead
Sun Jan 22 21:49:34 -03 2023 2: It is dead
Sun Jan 22 21:49:35 -03 2023 2: It is dead
Sun Jan 22 21:49:36 -03 2023 2: It is dead
Sun Jan 22 21:49:37 -03 2023 2: It is dead
Sun Jan 22 21:49:38 -03 2023 2: It is dead
Sun Jan 22 21:49:39 -03 2023 2: It is dead
Sun Jan 22 21:49:40 -03 2023 2: It is dead
Sun Jan 22 21:49:41 -03 2023 2: It is dead
Sun Jan 22 22:45:22 -03 2023 3: File pid.txt not found
Sun Jan 22 22:55:08 -03 2023 3: File pid.txt not found
Sun Jan 22 22:55:16 -03 2023 3: File pid.txt not found
Sun Jan 22 22:56:17 -03 2023 3: File pid.txt not found
Sun, Jan 22, 2023 11:06:40 PM 1: It is dead
Sun, Jan 22, 2023 11:06:41 PM 1: It is dead
Sun, Jan 22, 2023 11:06:43 PM 1: It is dead
Sun, Jan 22, 2023 11:06:44 PM 1: It is dead
Sun, Jan 22, 2023 11:06:45 PM 1: It is dead
Sun Jan 22 23:07:28 -03 2023 3: File pid.txt not found
Sun Jan 22 23:07:32 -03 2023 3: File pid.txt not found
Sun Jan 22 23:07:50 -03 2023 3: File pid.txt not found
Sun Jan 22 23:08:10 -03 2023 3: File pid.txt not found
Sun Jan 22 23:08:14 -03 2023 3: File pid.txt not found
Sun Jan 22 23:09:02 -03 2023 3: File pid.txt not found
Sun Jan 22 23:09:04 -03 2023 3: File pid.txt not found
Sun Jan 22 23:09:07 -03 2023 3: File pid.txt not found
Sun Jan 22 23:09:49 -03 2023 3: File pid.txt not found
Sun Jan 22 23:09:51 -03 2023 3: File pid.txt not found
Sun Jan 22 23:10:37 -03 2023 3: File pid.txt not found
Sun Jan 22 23:12:19 -03 2023 3: File pid.txt not found
Sun Jan 22 23:12:21 -03 2023 3: File pid.txt not found
Sun Jan 22 23:14:00 -03 2023 3: File pid.txt not found
Sun Jan 22 23:14:03 -03 2023 3: File pid.txt not found
Sun Jan 22 23:14:40 -03 2023 3: File pid.txt not found
Sun Jan 22 23:14:42 -03 2023 3: File pid.txt not found
Sun Jan 22 23:16:31 -03 2023 3: File pid.txt not found
Sun Jan 22 23:16:31 -03 2023 3: File pid.txt not found
Sun Jan 22 23:16:31 -03 2023 3: File pid.txt not found
Sun Jan 22 23:16:31 -03 2023 3: File pid.txt not found
Sun Jan 22 23:16:31 -03 2023 3: File pid.txt not found
Sun Jan 22 23:16:31 -03 2023 3: File pid.txt not found
Sun Jan 22 23:16:31 -03 2023 3: File pid.txt not found
Sun Jan 22 23:16:31 -03 2023 3: File pid.txt not found
Sun Jan 22 23:16:31 -03 2023 3: File pid.txt not found
Sun Jan 22 23:16:31 -03 2023 3: File pid.txt not found
Sun Jan 22 23:16:31 -03 2023 3: File pid.txt not found
Sun Jan 22 23:16:31 -03 2023 3: File pid.txt not found
Sun Jan 22 23:16:31 -03 2023 3: File pid.txt not found
Sun Jan 22 23:16:31 -03 2023 3: File pid.txt not found
Sun Jan 22 23:16:31 -03 2023 3: File pid.txt not found
Sun Jan 22 23:16:31 -03 2023 3: File pid.txt not found
Sun Jan 22 23:16:31 -03 2023 3: File pid.txt not found
Sun Jan 22 23:16:31 -03 2023 3: File pid.txt not found
Sun Jan 22 23:16:31 -03 2023 3: File pid.txt not found
Sun Jan 22 23:16:31 -03 2023 3: File pid.txt not found
Sun Jan 22 23:16:31 -03 2023 3: File pid.txt not found
Sun Jan 22 23:16:31 -03 2023 3: File pid.txt not found
Sun Jan 22 23:16:31 -03 2023 3: File pid.txt not found
Sun Jan 22 23:16:31 -03 2023 3: File pid.txt not found
Sun Jan 22 23:16:31 -03 2023 3: File pid.txt not found
Sun Jan 22 23:16:31 -03 2023 3: File pid.txt not found
Sun Jan 22 23:16:31 -03 2023 3: File pid.txt not found
Sun Jan 22 23:16:31 -03 2023 3: File pid.txt not found
Sun Jan 22 23:16:31 -03 2023 3: File pid.txt not found
Sun Jan 22 23:16:31 -03 2023 3: File pid.txt not found
Sun Jan 22 23:16:31 -03 2023 3: File pid.txt not found
Sun Jan 22 23:16:31 -03 2023 3: File pid.txt not found
Sun Jan 22 23:16:31 -03 2023 3: File pid.txt not found
Sun Jan 22 23:16:31 -03 2023 3: File pid.txt not found
Sun Jan 22 23:16:31 -03 2023 3: File pid.txt not found
Sun Jan 22 23:16:31 -03 2023 3: File pid.txt not found
Sun Jan 22 23:16:31 -03 2023 3: File pid.txt not found
Sun Jan 22 23:16:31 -03 2023 3: File pid.txt not found
Sun Jan 22 23:16:31 -03 2023 3: File pid.txt not found
Sun Jan 22 23:16:31 -03 2023 3: File pid.txt not found
Sun Jan 22 23:16:31 -03 2023 3: File pid.txt not found
Sun Jan 22 23:16:31 -03 2023 3: File pid.txt not found
Sun Jan 22 23:16:31 -03 2023 3: File pid.txt not found
Sun Jan 22 23:16:31 -03 2023 3: File pid.txt not found
Sun Jan 22 23:16:31 -03 2023 3: File pid.txt not found
Sun Jan 22 23:16:31 -03 2023 3: File pid.txt not found
Sun Jan 22 23:16:31 -03 2023 3: File pid.txt not found
Sun Jan 22 23:16:31 -03 2023 3: File pid.txt not found
Sun Jan 22 23:16:31 -03 2023 3: File pid.txt not found
Sun Jan 22 23:16:31 -03 2023 3: File pid.txt not found
Sun Jan 22 23:16:31 -03 2023 3: File pid.txt not found
Sun Jan 22 23:16:31 -03 2023 3: File pid.txt not found
Sun Jan 22 23:16:31 -03 2023 3: File pid.txt not found
Sun Jan 22 23:16:31 -03 2023 3: File pid.txt not found
Sun Jan 22 23:16:31 -03 2023 3: File pid.txt not found
Sun Jan 22 23:16:32 -03 2023 3: File pid.txt not found
Sun Jan 22 23:16:32 -03 2023 3: File pid.txt not found
Sun Jan 22 23:16:32 -03 2023 3: File pid.txt not found
Sun Jan 22 23:16:32 -03 2023 3: File pid.txt not found
Sun Jan 22 23:16:32 -03 2023 3: File pid.txt not found
Sun Jan 22 23:16:32 -03 2023 3: File pid.txt not found
Sun Jan 22 23:16:32 -03 2023 3: File pid.txt not found
Sun Jan 22 23:16:32 -03 2023 3: File pid.txt not found
Sun Jan 22 23:16:32 -03 2023 3: File pid.txt not found
Sun Jan 22 23:16:32 -03 2023 3: File pid.txt not found
Sun Jan 22 23:16:32 -03 2023 3: File pid.txt not found
Sun Jan 22 23:16:32 -03 2023 3: File pid.txt not found
Sun Jan 22 23:16:32 -03 2023 3: File pid.txt not found
Sun Jan 22 23:16:32 -03 2023 3: File pid.txt not found
Sun Jan 22 23:16:32 -03 2023 3: File pid.txt not found
Sun Jan 22 23:16:32 -03 2023 3: File pid.txt not found
Sun Jan 22 23:16:32 -03 2023 3: File pid.txt not found
Sun Jan 22 23:16:32 -03 2023 3: File pid.txt not found
Sun Jan 22 23:16:32 -03 2023 3: File pid.txt not found
Sun Jan 22 23:16:32 -03 2023 3: File pid.txt not found
Sun Jan 22 23:16:32 -03 2023 3: File pid.txt not found
Sun Jan 22 23:16:32 -03 2023 3: File pid.txt not found
Sun Jan 22 23:16:32 -03 2023 3: File pid.txt not found
Sun Jan 22 23:16:32 -03 2023 3: File pid.txt not found
Sun Jan 22 23:16:32 -03 2023 3: File pid.txt not found
Sun Jan 22 23:16:32 -03 2023 3: File pid.txt not found
Sun Jan 22 23:16:32 -03 2023 3: File pid.txt not found
Sun Jan 22 23:16:32 -03 2023 3: File pid.txt not found
Sun Jan 22 23:16:32 -03 2023 3: File pid.txt not found
Sun Jan 22 23:16:32 -03 2023 3: File pid.txt not found
Sun Jan 22 23:16:32 -03 2023 3: File pid.txt not found
Sun Jan 22 23:16:32 -03 2023 3: File pid.txt not found
Sun Jan 22 23:16:32 -03 2023 3: File pid.txt not found
Sun Jan 22 23:16:32 -03 2023 3: File pid.txt not found
Sun Jan 22 23:16:32 -03 2023 3: File pid.txt not found
Sun Jan 22 23:16:32 -03 2023 3: File pid.txt not found
Sun Jan 22 23:16:32 -03 2023 3: File pid.txt not found
Sun Jan 22 23:16:32 -03 2023 3: File pid.txt not found
Sun Jan 22 23:16:32 -03 2023 3: File pid.txt not found
Sun Jan 22 23:16:32 -03 2023 3: File pid.txt not found
Sun Jan 22 23:16:32 -03 2023 3: File pid.txt not found
Sun Jan 22 23:16:32 -03 2023 3: File pid.txt not found
Sun Jan 22 23:16:32 -03 2023 3: File pid.txt not found
Sun Jan 22 23:16:32 -03 2023 3: File pid.txt not found
Sun Jan 22 23:16:32 -03 2023 3: File pid.txt not found
Sun Jan 22 23:16:32 -03 2023 3: File pid.txt not found
Sun Jan 22 23:16:32 -03 2023 3: File pid.txt not found
Sun Jan 22 23:16:32 -03 2023 3: File pid.txt not found
Sun Jan 22 23:16:32 -03 2023 3: File pid.txt not found
Sun Jan 22 23:16:32 -03 2023 3: File pid.txt not found
Sun Jan 22 23:16:32 -03 2023 3: File pid.txt not found
Sun Jan 22 23:16:32 -03 2023 3: File pid.txt not found
Sun Jan 22 23:16:32 -03 2023 3: File pid.txt not found
Sun Jan 22 23:16:32 -03 2023 3: File pid.txt not found
Sun Jan 22 23:16:32 -03 2023 3: File pid.txt not found
Sun Jan 22 23:16:32 -03 2023 3: File pid.txt not found
Sun Jan 22 23:16:32 -03 2023 3: File pid.txt not found
Sun Jan 22 23:16:32 -03 2023 3: File pid.txt not found
Sun Jan 22 23:16:32 -03 2023 3: File pid.txt not found
Sun Jan 22 23:16:32 -03 2023 3: File pid.txt not found
Sun Jan 22 23:16:32 -03 2023 3: File pid.txt not found
Sun Jan 22 23:16:32 -03 2023 3: File pid.txt not found
Sun Jan 22 23:16:32 -03 2023 3: File pid.txt not found
Sun Jan 22 23:16:32 -03 2023 3: File pid.txt not found
Sun Jan 22 23:16:32 -03 2023 3: File pid.txt not found
Sun Jan 22 23:16:32 -03 2023 3: File pid.txt not found
Sun Jan 22 23:16:32 -03 2023 3: File pid.txt not found
Sun Jan 22 23:16:32 -03 2023 3: File pid.txt not found
Sun Jan 22 23:16:32 -03 2023 3: File pid.txt not found
Sun Jan 22 23:16:32 -03 2023 3: File pid.txt not found
Sun Jan 22 23:16:32 -03 2023 3: File pid.txt not found
Sun Jan 22 23:16:32 -03 2023 3: File pid.txt not found
Sun Jan 22 23:16:32 -03 2023 3: File pid.txt not found
Sun Jan 22 23:16:32 -03 2023 3: File pid.txt not found
Sun Jan 22 23:16:32 -03 2023 3: File pid.txt not found
Sun Jan 22 23:16:32 -03 2023 3: File pid.txt not found
Sun Jan 22 23:16:32 -03 2023 3: File pid.txt not found
Sun Jan 22 23:16:32 -03 2023 3: File pid.txt not found
Sun Jan 22 23:16:32 -03 2023 3: File pid.txt not found
Sun Jan 22 23:16:32 -03 2023 3: File pid.txt not found
Sun Jan 22 23:16:32 -03 2023 3: File pid.txt not found
Sun Jan 22 23:16:32 -03 2023 3: File pid.txt not found
Sun Jan 22 23:16:32 -03 2023 3: File pid.txt not found
Sun Jan 22 23:16:32 -03 2023 3: File pid.txt not found
Sun Jan 22 23:16:32 -03 2023 3: File pid.txt not found
Sun Jan 22 23:16:32 -03 2023 3: File pid.txt not found
Sun Jan 22 23:16:32 -03 2023 3: File pid.txt not found
Sun Jan 22 23:16:32 -03 2023 3: File pid.txt not found
Sun Jan 22 23:16:32 -03 2023 3: File pid.txt not found
Sun Jan 22 23:16:32 -03 2023 3: File pid.txt not found
Sun Jan 22 23:16:32 -03 2023 3: File pid.txt not found
Sun Jan 22 23:16:32 -03 2023 3: File pid.txt not found
Sun Jan 22 23:16:32 -03 2023 3: File pid.txt not found
Sun Jan 22 23:16:32 -03 2023 3: File pid.txt not found
Sun Jan 22 23:16:32 -03 2023 3: File pid.txt not found
Sun Jan 22 23:16:32 -03 2023 3: File pid.txt not found
Sun Jan 22 23:16:32 -03 2023 3: File pid.txt not found
Sun Jan 22 23:16:32 -03 2023 3: File pid.txt not found
Sun Jan 22 23:16:32 -03 2023 3: File pid.txt not found
Sun Jan 22 23:16:32 -03 2023 3: File pid.txt not found
Sun Jan 22 23:16:32 -03 2023 3: File pid.txt not found
Sun Jan 22 23:16:32 -03 2023 3: File pid.txt not found
Sun Jan 22 23:16:32 -03 2023 3: File pid.txt not found
Sun Jan 22 23:16:32 -03 2023 3: File pid.txt not found
Sun Jan 22 23:16:32 -03 2023 3: File pid.txt not found
Sun Jan 22 23:16:32 -03 2023 3: File pid.txt not found
Sun Jan 22 23:16:32 -03 2023 3: File pid.txt not found
Sun Jan 22 23:16:32 -03 2023 3: File pid.txt not found
Sun Jan 22 23:16:33 -03 2023 3: File pid.txt not found
Sun Jan 22 23:16:33 -03 2023 3: File pid.txt not found
Sun Jan 22 23:16:33 -03 2023 3: File pid.txt not found
Sun Jan 22 23:16:33 -03 2023 3: File pid.txt not found
Sun Jan 22 23:16:33 -03 2023 3: File pid.txt not found
Sun Jan 22 23:16:33 -03 2023 3: File pid.txt not found
Sun Jan 22 23:16:33 -03 2023 3: File pid.txt not found
Sun Jan 22 23:16:33 -03 2023 3: File pid.txt not found
Sun Jan 22 23:16:33 -03 2023 3: File pid.txt not found
Sun Jan 22 23:16:33 -03 2023 3: File pid.txt not found
Sun Jan 22 23:16:33 -03 2023 3: File pid.txt not found
Sun Jan 22 23:16:33 -03 2023 3: File pid.txt not found
Sun Jan 22 23:16:33 -03 2023 3: File pid.txt not found
Sun Jan 22 23:16:33 -03 2023 3: File pid.txt not found
Sun Jan 22 23:16:33 -03 2023 3: File pid.txt not found
Sun Jan 22 23:16:33 -03 2023 3: File pid.txt not found
Sun Jan 22 23:16:33 -03 2023 3: File pid.txt not found
Sun Jan 22 23:16:33 -03 2023 3: File pid.txt not found
Sun Jan 22 23:16:33 -03 2023 3: File pid.txt not found
Sun Jan 22 23:16:33 -03 2023 3: File pid.txt not found
Sun Jan 22 23:16:33 -03 2023 3: File pid.txt not found
Sun Jan 22 23:16:33 -03 2023 3: File pid.txt not found
Sun Jan 22 23:16:33 -03 2023 3: File pid.txt not found
Sun Jan 22 23:16:33 -03 2023 3: File pid.txt not found
Sun Jan 22 23:16:33 -03 2023 3: File pid.txt not found
Sun Jan 22 23:16:33 -03 2023 3: File pid.txt not found
Sun Jan 22 23:16:33 -03 2023 3: File pid.txt not found
Sun Jan 22 23:16:33 -03 2023 3: File pid.txt not found
Sun Jan 22 23:16:33 -03 2023 3: File pid.txt not found
Sun Jan 22 23:16:33 -03 2023 3: File pid.txt not found
Sun Jan 22 23:16:33 -03 2023 3: File pid.txt not found
Sun Jan 22 23:16:33 -03 2023 3: File pid.txt not found
Sun Jan 22 23:16:33 -03 2023 3: File pid.txt not found
Sun Jan 22 23:16:33 -03 2023 3: File pid.txt not found
Sun Jan 22 23:16:33 -03 2023 3: File pid.txt not found
Sun Jan 22 23:16:33 -03 2023 3: File pid.txt not found
Sun Jan 22 23:16:33 -03 2023 3: File pid.txt not found
Sun Jan 22 23:16:33 -03 2023 3: File pid.txt not found
Sun Jan 22 23:16:33 -03 2023 3: File pid.txt not found
Sun Jan 22 23:16:33 -03 2023 3: File pid.txt not found
Sun Jan 22 23:16:33 -03 2023 3: File pid.txt not found
Sun Jan 22 23:16:33 -03 2023 3: File pid.txt not found
Sun Jan 22 23:16:33 -03 2023 3: File pid.txt not found
Sun Jan 22 23:16:33 -03 2023 3: File pid.txt not found
Sun Jan 22 23:16:33 -03 2023 3: File pid.txt not found
Sun Jan 22 23:16:33 -03 2023 3: File pid.txt not found
Sun Jan 22 23:16:33 -03 2023 3: File pid.txt not found
Sun Jan 22 23:16:33 -03 2023 3: File pid.txt not found
Sun Jan 22 23:16:33 -03 2023 3: File pid.txt not found
Sun Jan 22 23:16:33 -03 2023 3: File pid.txt not found
Sun Jan 22 23:16:33 -03 2023 3: File pid.txt not found
Sun Jan 22 23:16:33 -03 2023 3: File pid.txt not found
Sun Jan 22 23:16:33 -03 2023 3: File pid.txt not found
Sun Jan 22 23:16:33 -03 2023 3: File pid.txt not found
Sun Jan 22 23:16:33 -03 2023 3: File pid.txt not found
Sun Jan 22 23:16:33 -03 2023 3: File pid.txt not found
Sun Jan 22 23:16:33 -03 2023 3: File pid.txt not found
Sun Jan 22 23:16:33 -03 2023 3: File pid.txt not found
Sun Jan 22 23:16:33 -03 2023 3: File pid.txt not found
Sun Jan 22 23:16:33 -03 2023 3: File pid.txt not found
Sun Jan 22 23:16:33 -03 2023 3: File pid.txt not found
Sun Jan 22 23:16:33 -03 2023 3: File pid.txt not found
Sun Jan 22 23:16:33 -03 2023 3: File pid.txt not found
Sun Jan 22 23:16:33 -03 2023 3: File pid.txt not found
Sun Jan 22 23:16:33 -03 2023 3: File pid.txt not found
Sun Jan 22 23:16:33 -03 2023 3: File pid.txt not found
Sun Jan 22 23:16:33 -03 2023 3: File pid.txt not found
Sun Jan 22 23:16:33 -03 2023 3: File pid.txt not found
Sun Jan 22 23:16:33 -03 2023 3: File pid.txt not found
Sun Jan 22 23:16:33 -03 2023 3: File pid.txt not found
Sun Jan 22 23:16:33 -03 2023 3: File pid.txt not found
Sun Jan 22 23:16:33 -03 2023 3: File pid.txt not found
Sun Jan 22 23:16:33 -03 2023 3: File pid.txt not found
Sun Jan 22 23:16:33 -03 2023 3: File pid.txt not found
Sun Jan 22 23:16:33 -03 2023 3: File pid.txt not found
Sun Jan 22 23:16:33 -03 2023 3: File pid.txt not found
Sun Jan 22 23:16:33 -03 2023 3: File pid.txt not found
Sun Jan 22 23:16:33 -03 2023 3: File pid.txt not found
Sun Jan 22 23:16:33 -03 2023 3: File pid.txt not found
Sun Jan 22 23:16:33 -03 2023 3: File pid.txt not found
Sun Jan 22 23:16:33 -03 2023 3: File pid.txt not found
Sun Jan 22 23:16:33 -03 2023 3: File pid.txt not found
Sun Jan 22 23:16:33 -03 2023 3: File pid.txt not found
Sun Jan 22 23:16:33 -03 2023 3: File pid.txt not found
Sun Jan 22 23:16:33 -03 2023 3: File pid.txt not found
Sun Jan 22 23:16:33 -03 2023 3: File pid.txt not found
Sun Jan 22 23:16:33 -03 2023 3: File pid.txt not found
Sun Jan 22 23:16:33 -03 2023 3: File pid.txt not found
Sun Jan 22 23:16:33 -03 2023 3: File pid.txt not found
Sun Jan 22 23:16:34 -03 2023 3: File pid.txt not found
Sun Jan 22 23:16:34 -03 2023 3: File pid.txt not found
Sun Jan 22 23:16:34 -03 2023 3: File pid.txt not found
Sun Jan 22 23:16:34 -03 2023 3: File pid.txt not found
Sun Jan 22 23:16:34 -03 2023 3: File pid.txt not found
Sun Jan 22 23:16:34 -03 2023 3: File pid.txt not found
Sun Jan 22 23:16:34 -03 2023 3: File pid.txt not found
Sun Jan 22 23:16:34 -03 2023 3: File pid.txt not found
Sun Jan 22 23:16:34 -03 2023 3: File pid.txt not found
Sun Jan 22 23:16:34 -03 2023 3: File pid.txt not found
Sun Jan 22 23:16:34 -03 2023 3: File pid.txt not found
Sun Jan 22 23:16:34 -03 2023 3: File pid.txt not found
Sun Jan 22 23:16:34 -03 2023 3: File pid.txt not found
Sun Jan 22 23:16:34 -03 2023 3: File pid.txt not found
Sun Jan 22 23:16:34 -03 2023 3: File pid.txt not found
Sun Jan 22 23:16:34 -03 2023 3: File pid.txt not found
Sun Jan 22 23:16:34 -03 2023 3: File pid.txt not found
Sun Jan 22 23:16:34 -03 2023 3: File pid.txt not found
Sun Jan 22 23:16:34 -03 2023 3: File pid.txt not found
Sun Jan 22 23:16:34 -03 2023 3: File pid.txt not found
Sun Jan 22 23:16:34 -03 2023 3: File pid.txt not found
Sun Jan 22 23:16:34 -03 2023 3: File pid.txt not found
Sun Jan 22 23:16:34 -03 2023 3: File pid.txt not found
Sun Jan 22 23:16:34 -03 2023 3: File pid.txt not found
Sun Jan 22 23:16:34 -03 2023 3: File pid.txt not found
Sun Jan 22 23:16:34 -03 2023 3: File pid.txt not found
Sun Jan 22 23:16:34 -03 2023 3: File pid.txt not found
Sun Jan 22 23:16:34 -03 2023 3: File pid.txt not found
Sun Jan 22 23:16:34 -03 2023 3: File pid.txt not found
Sun Jan 22 23:16:34 -03 2023 3: File pid.txt not found
Sun Jan 22 23:16:34 -03 2023 3: File pid.txt not found
Sun Jan 22 23:16:34 -03 2023 3: File pid.txt not found
Sun Jan 22 23:16:34 -03 2023 3: File pid.txt not found
Sun Jan 22 23:16:34 -03 2023 3: File pid.txt not found
Sun Jan 22 23:16:34 -03 2023 3: File pid.txt not found
Sun Jan 22 23:16:34 -03 2023 3: File pid.txt not found
Sun Jan 22 23:16:34 -03 2023 3: File pid.txt not found
Sun Jan 22 23:16:34 -03 2023 3: File pid.txt not found
Sun Jan 22 23:16:34 -03 2023 3: File pid.txt not found
Sun Jan 22 23:16:34 -03 2023 3: File pid.txt not found
Sun Jan 22 23:16:34 -03 2023 3: File pid.txt not found
Sun Jan 22 23:16:34 -03 2023 3: File pid.txt not found
Sun Jan 22 23:16:34 -03 2023 3: File pid.txt not found
Sun Jan 22 23:16:34 -03 2023 3: File pid.txt not found
Sun Jan 22 23:16:34 -03 2023 3: File pid.txt not found
Sun Jan 22 23:16:34 -03 2023 3: File pid.txt not found
Sun Jan 22 23:16:34 -03 2023 3: File pid.txt not found
Sun Jan 22 23:16:34 -03 2023 3: File pid.txt not found
Sun Jan 22 23:16:34 -03 2023 3: File pid.txt not found
Sun Jan 22 23:16:34 -03 2023 3: File pid.txt not found
Sun Jan 22 23:16:34 -03 2023 3: File pid.txt not found
Sun Jan 22 23:16:34 -03 2023 3: File pid.txt not found
Sun Jan 22 23:16:34 -03 2023 3: File pid.txt not found
Sun Jan 22 23:16:34 -03 2023 3: File pid.txt not found
Sun Jan 22 23:16:34 -03 2023 3: File pid.txt not found
Sun Jan 22 23:16:34 -03 2023 3: File pid.txt not found
Sun Jan 22 23:16:34 -03 2023 3: File pid.txt not found
Sun Jan 22 23:16:34 -03 2023 3: File pid.txt not found
Sun Jan 22 23:16:34 -03 2023 3: File pid.txt not found
Sun Jan 22 23:16:34 -03 2023 3: File pid.txt not found
Sun Jan 22 23:16:34 -03 2023 3: File pid.txt not found
Sun Jan 22 23:16:34 -03 2023 3: File pid.txt not found
Sun Jan 22 23:16:34 -03 2023 3: File pid.txt not found
Sun Jan 22 23:16:34 -03 2023 3: File pid.txt not found
Sun Jan 22 23:16:34 -03 2023 3: File pid.txt not found
Sun Jan 22 23:16:34 -03 2023 3: File pid.txt not found
Sun Jan 22 23:16:34 -03 2023 3: File pid.txt not found
Sun Jan 22 23:16:34 -03 2023 3: File pid.txt not found
Sun Jan 22 23:16:34 -03 2023 3: File pid.txt not found
Sun Jan 22 23:16:34 -03 2023 3: File pid.txt not found
Sun Jan 22 23:16:34 -03 2023 3: File pid.txt not found
Sun Jan 22 23:16:34 -03 2023 3: File pid.txt not found
Sun Jan 22 23:16:34 -03 2023 3: File pid.txt not found
Sun Jan 22 23:16:34 -03 2023 3: File pid.txt not found
Sun Jan 22 23:16:34 -03 2023 3: File pid.txt not found
Sun Jan 22 23:16:34 -03 2023 3: File pid.txt not found
Sun Jan 22 23:16:34 -03 2023 3: File pid.txt not found
Sun Jan 22 23:16:34 -03 2023 3: File pid.txt not found
Sun Jan 22 23:16:34 -03 2023 3: File pid.txt not found
Sun Jan 22 23:16:34 -03 2023 3: File pid.txt not found
Sun Jan 22 23:16:34 -03 2023 3: File pid.txt not found
Sun Jan 22 23:16:34 -03 2023 3: File pid.txt not found
Sun Jan 22 23:16:34 -03 2023 3: File pid.txt not found
Sun Jan 22 23:16:34 -03 2023 3: File pid.txt not found
Sun Jan 22 23:16:34 -03 2023 3: File pid.txt not found
Sun Jan 22 23:16:34 -03 2023 3: File pid.txt not found
Sun Jan 22 23:16:34 -03 2023 3: File pid.txt not found
Sun Jan 22 23:16:34 -03 2023 3: File pid.txt not found
Sun Jan 22 23:16:34 -03 2023 3: File pid.txt not found
Sun Jan 22 23:16:34 -03 2023 3: File pid.txt not found
Sun Jan 22 23:16:34 -03 2023 3: File pid.txt not found
Sun Jan 22 23:16:34 -03 2023 3: File pid.txt not found
Sun Jan 22 23:16:34 -03 2023 3: File pid.txt not found
Sun Jan 22 23:16:34 -03 2023 3: File pid.txt not found
Sun Jan 22 23:16:34 -03 2023 3: File pid.txt not found
Sun Jan 22 23:16:34 -03 2023 3: File pid.txt not found
Sun Jan 22 23:16:34 -03 2023 3: File pid.txt not found
Sun Jan 22 23:16:35 -03 2023 3: File pid.txt not found
Sun Jan 22 23:16:35 -03 2023 3: File pid.txt not found
Sun Jan 22 23:16:35 -03 2023 3: File pid.txt not found
Sun Jan 22 23:16:35 -03 2023 3: File pid.txt not found
Sun Jan 22 23:16:35 -03 2023 3: File pid.txt not found
Sun Jan 22 23:16:35 -03 2023 3: File pid.txt not found
Sun Jan 22 23:16:35 -03 2023 3: File pid.txt not found
Sun Jan 22 23:16:35 -03 2023 3: File pid.txt not found
Sun Jan 22 23:16:35 -03 2023 3: File pid.txt not found
Sun Jan 22 23:16:35 -03 2023 3: File pid.txt not found
Sun Jan 22 23:16:35 -03 2023 3: File pid.txt not found
Sun Jan 22 23:16:35 -03 2023 3: File pid.txt not found
Sun Jan 22 23:16:35 -03 2023 3: File pid.txt not found
Sun Jan 22 23:16:35 -03 2023 3: File pid.txt not found
Sun Jan 22 23:16:35 -03 2023 3: File pid.txt not found
Sun Jan 22 23:16:35 -03 2023 3: File pid.txt not found
Sun Jan 22 23:16:35 -03 2023 3: File pid.txt not found
Sun Jan 22 23:16:35 -03 2023 3: File pid.txt not found
Sun Jan 22 23:16:35 -03 2023 3: File pid.txt not found
Sun Jan 22 23:16:35 -03 2023 3: File pid.txt not found
Sun Jan 22 23:16:35 -03 2023 3: File pid.txt not found
Sun Jan 22 23:16:35 -03 2023 3: File pid.txt not found
Sun Jan 22 23:16:35 -03 2023 3: File pid.txt not found
Sun Jan 22 23:16:35 -03 2023 3: File pid.txt not found
Sun Jan 22 23:16:35 -03 2023 3: File pid.txt not found
Sun Jan 22 23:16:35 -03 2023 3: File pid.txt not found
Sun Jan 22 23:16:35 -03 2023 3: File pid.txt not found
Sun Jan 22 23:16:35 -03 2023 3: File pid.txt not found
Sun Jan 22 23:16:35 -03 2023 3: File pid.txt not found
Sun Jan 22 23:16:35 -03 2023 3: File pid.txt not found
Sun Jan 22 23:16:35 -03 2023 3: File pid.txt not found
Sun Jan 22 23:16:35 -03 2023 3: File pid.txt not found
Sun Jan 22 23:16:35 -03 2023 3: File pid.txt not found
Sun Jan 22 23:16:35 -03 2023 3: File pid.txt not found
Sun Jan 22 23:16:35 -03 2023 3: File pid.txt not found
Sun Jan 22 23:16:35 -03 2023 3: File pid.txt not found
Sun Jan 22 23:16:35 -03 2023 3: File pid.txt not found
Sun Jan 22 23:16:35 -03 2023 3: File pid.txt not found
Sun Jan 22 23:16:35 -03 2023 3: File pid.txt not found
Sun Jan 22 23:16:35 -03 2023 3: File pid.txt not found
Sun Jan 22 23:16:35 -03 2023 3: File pid.txt not found
Sun Jan 22 23:16:35 -03 2023 3: File pid.txt not found
Sun Jan 22 23:16:35 -03 2023 3: File pid.txt not found
Sun Jan 22 23:16:35 -03 2023 3: File pid.txt not found
Sun Jan 22 23:16:35 -03 2023 3: File pid.txt not found
Sun Jan 22 23:16:35 -03 2023 3: File pid.txt not found
Sun Jan 22 23:16:35 -03 2023 3: File pid.txt not found
Sun Jan 22 23:16:35 -03 2023 3: File pid.txt not found
Sun Jan 22 23:16:35 -03 2023 3: File pid.txt not found
Sun Jan 22 23:16:35 -03 2023 3: File pid.txt not found
Sun Jan 22 23:16:35 -03 2023 3: File pid.txt not found
Sun Jan 22 23:16:35 -03 2023 3: File pid.txt not found
Sun Jan 22 23:16:35 -03 2023 3: File pid.txt not found
Sun Jan 22 23:16:35 -03 2023 3: File pid.txt not found
Sun Jan 22 23:16:35 -03 2023 3: File pid.txt not found
Sun Jan 22 23:16:35 -03 2023 3: File pid.txt not found
Sun Jan 22 23:16:35 -03 2023 3: File pid.txt not found
Sun Jan 22 23:16:35 -03 2023 3: File pid.txt not found
Sun Jan 22 23:16:35 -03 2023 3: File pid.txt not found
Sun Jan 22 23:16:35 -03 2023 3: File pid.txt not found
Sun Jan 22 23:16:35 -03 2023 3: File pid.txt not found
Sun Jan 22 23:16:35 -03 2023 3: File pid.txt not found
Sun Jan 22 23:16:35 -03 2023 3: File pid.txt not found
Sun Jan 22 23:16:35 -03 2023 3: File pid.txt not found
Sun Jan 22 23:16:35 -03 2023 3: File pid.txt not found
Sun Jan 22 23:16:35 -03 2023 3: File pid.txt not found
Sun Jan 22 23:16:35 -03 2023 3: File pid.txt not found
Sun Jan 22 23:16:35 -03 2023 3: File pid.txt not found
Sun Jan 22 23:16:35 -03 2023 3: File pid.txt not found
Sun Jan 22 23:16:35 -03 2023 3: File pid.txt not found
Sun Jan 22 23:16:35 -03 2023 3: File pid.txt not found
Sun Jan 22 23:16:35 -03 2023 3: File pid.txt not found
Sun Jan 22 23:16:35 -03 2023 3: File pid.txt not found
Sun Jan 22 23:16:35 -03 2023 3: File pid.txt not found
Sun Jan 22 23:16:35 -03 2023 3: File pid.txt not found
Sun Jan 22 23:16:35 -03 2023 3: File pid.txt not found
Sun Jan 22 23:16:35 -03 2023 3: File pid.txt not found
Sun Jan 22 23:16:35 -03 2023 3: File pid.txt not found
Sun Jan 22 23:16:35 -03 2023 3: File pid.txt not found
Sun Jan 22 23:16:35 -03 2023 3: File pid.txt not found
Sun Jan 22 23:16:35 -03 2023 3: File pid.txt not found
Sun Jan 22 23:16:35 -03 2023 3: File pid.txt not found
Sun Jan 22 23:16:35 -03 2023 3: File pid.txt not found
Sun Jan 22 23:16:35 -03 2023 3: File pid.txt not found
Sun Jan 22 23:16:35 -03 2023 3: File pid.txt not found
Sun Jan 22 23:16:35 -03 2023 3: File pid.txt not found
Sun Jan 22 23:16:35 -03 2023 3: File pid.txt not found
Sun Jan 22 23:16:35 -03 2023 3: File pid.txt not found
Sun Jan 22 23:16:35 -03 2023 3: File pid.txt not found
Sun Jan 22 23:16:35 -03 2023 3: File pid.txt not found
Sun Jan 22 23:16:35 -03 2023 3: File pid.txt not found
Sun Jan 22 23:16:35 -03 2023 3: File pid.txt not found
Sun Jan 22 23:16:35 -03 2023 3: File pid.txt not found
Sun Jan 22 23:16:35 -03 2023 3: File pid.txt not found
Sun Jan 22 23:16:35 -03 2023 3: File pid.txt not found
Sun Jan 22 23:16:35 -03 2023 3: File pid.txt not found
Sun Jan 22 23:16:35 -03 2023 3: File pid.txt not found
Sun Jan 22 23:16:35 -03 2023 3: File pid.txt not found
Sun Jan 22 23:16:35 -03 2023 3: File pid.txt not found
Sun Jan 22 23:16:35 -03 2023 3: File pid.txt not found
Sun Jan 22 23:16:35 -03 2023 3: File pid.txt not found
Sun Jan 22 23:16:35 -03 2023 3: File pid.txt not found
Sun Jan 22 23:16:35 -03 2023 3: File pid.txt not found
Sun Jan 22 23:16:35 -03 2023 3: File pid.txt not found
Sun Jan 22 23:16:35 -03 2023 3: File pid.txt not found
Sun Jan 22 23:16:36 -03 2023 3: File pid.txt not found
Sun Jan 22 23:16:36 -03 2023 3: File pid.txt not found
Sun Jan 22 23:16:36 -03 2023 3: File pid.txt not found
Sun Jan 22 23:16:36 -03 2023 3: File pid.txt not found
Sun Jan 22 23:16:36 -03 2023 3: File pid.txt not found
Sun Jan 22 23:16:36 -03 2023 3: File pid.txt not found
Sun Jan 22 23:16:36 -03 2023 3: File pid.txt not found
Sun Jan 22 23:16:36 -03 2023 3: File pid.txt not found
Sun Jan 22 23:16:36 -03 2023 3: File pid.txt not found
Sun Jan 22 23:16:36 -03 2023 3: File pid.txt not found
Sun Jan 22 23:16:36 -03 2023 3: File pid.txt not found
Sun Jan 22 23:16:36 -03 2023 3: File pid.txt not found
Sun Jan 22 23:16:36 -03 2023 3: File pid.txt not found
Sun Jan 22 23:16:36 -03 2023 3: File pid.txt not found
Sun Jan 22 23:16:36 -03 2023 3: File pid.txt not found
Sun Jan 22 23:16:36 -03 2023 3: File pid.txt not found
Sun Jan 22 23:16:36 -03 2023 3: File pid.txt not found
Sun Jan 22 23:16:36 -03 2023 3: File pid.txt not found
Sun Jan 22 23:16:36 -03 2023 3: File pid.txt not found
Sun Jan 22 23:16:36 -03 2023 3: File pid.txt not found
Sun Jan 22 23:16:36 -03 2023 3: File pid.txt not found
Sun Jan 22 23:16:36 -03 2023 3: File pid.txt not found
Sun Jan 22 23:16:36 -03 2023 3: File pid.txt not found
Sun Jan 22 23:16:36 -03 2023 3: File pid.txt not found
Sun Jan 22 23:16:36 -03 2023 3: File pid.txt not found
Sun Jan 22 23:16:36 -03 2023 3: File pid.txt not found
Sun Jan 22 23:16:36 -03 2023 3: File pid.txt not found
Sun Jan 22 23:16:36 -03 2023 3: File pid.txt not found
Sun Jan 22 23:16:36 -03 2023 3: File pid.txt not found
Sun Jan 22 23:16:36 -03 2023 3: File pid.txt not found
Sun Jan 22 23:16:36 -03 2023 3: File pid.txt not found
Sun Jan 22 23:16:36 -03 2023 3: File pid.txt not found
Sun Jan 22 23:16:36 -03 2023 3: File pid.txt not found
Sun Jan 22 23:16:36 -03 2023 3: File pid.txt not found
Sun Jan 22 23:16:36 -03 2023 3: File pid.txt not found
Sun Jan 22 23:16:36 -03 2023 3: File pid.txt not found
Sun Jan 22 23:16:36 -03 2023 3: File pid.txt not found
Sun Jan 22 23:16:36 -03 2023 3: File pid.txt not found
Sun Jan 22 23:16:36 -03 2023 3: File pid.txt not found
Sun Jan 22 23:16:36 -03 2023 3: File pid.txt not found
Sun Jan 22 23:16:36 -03 2023 3: File pid.txt not found
Sun Jan 22 23:16:36 -03 2023 3: File pid.txt not found
Sun Jan 22 23:16:36 -03 2023 3: File pid.txt not found
Sun Jan 22 23:16:36 -03 2023 3: File pid.txt not found
Sun Jan 22 23:16:36 -03 2023 3: File pid.txt not found
Sun Jan 22 23:16:36 -03 2023 3: File pid.txt not found
Sun Jan 22 23:16:36 -03 2023 3: File pid.txt not found
Sun Jan 22 23:16:36 -03 2023 3: File pid.txt not found
Sun Jan 22 23:16:36 -03 2023 3: File pid.txt not found
Sun Jan 22 23:16:36 -03 2023 3: File pid.txt not found
Sun Jan 22 23:16:36 -03 2023 3: File pid.txt not found
Sun Jan 22 23:16:36 -03 2023 3: File pid.txt not found
Sun Jan 22 23:16:36 -03 2023 3: File pid.txt not found
Sun Jan 22 23:16:36 -03 2023 3: File pid.txt not found
Sun Jan 22 23:16:36 -03 2023 3: File pid.txt not found
Sun Jan 22 23:16:36 -03 2023 3: File pid.txt not found
Sun Jan 22 23:16:36 -03 2023 3: File pid.txt not found
Sun Jan 22 23:16:36 -03 2023 3: File pid.txt not found
Sun Jan 22 23:16:36 -03 2023 3: File pid.txt not found
Sun Jan 22 23:16:36 -03 2023 3: File pid.txt not found
Sun Jan 22 23:16:36 -03 2023 3: File pid.txt not found
Sun Jan 22 23:16:36 -03 2023 3: File pid.txt not found
Sun Jan 22 23:16:36 -03 2023 3: File pid.txt not found
Sun Jan 22 23:16:36 -03 2023 3: File pid.txt not found
Sun Jan 22 23:16:36 -03 2023 3: File pid.txt not found
Sun Jan 22 23:16:36 -03 2023 3: File pid.txt not found
Sun Jan 22 23:16:36 -03 2023 3: File pid.txt not found
Sun Jan 22 23:16:36 -03 2023 3: File pid.txt not found
Sun Jan 22 23:16:36 -03 2023 3: File pid.txt not found
Sun Jan 22 23:16:36 -03 2023 3: File pid.txt not found
Sun Jan 22 23:16:36 -03 2023 3: File pid.txt not found
Sun Jan 22 23:16:36 -03 2023 3: File pid.txt not found
Sun Jan 22 23:16:36 -03 2023 3: File pid.txt not found
Sun Jan 22 23:16:36 -03 2023 3: File pid.txt not found
Sun Jan 22 23:16:36 -03 2023 3: File pid.txt not found
Sun Jan 22 23:16:36 -03 2023 3: File pid.txt not found
Sun Jan 22 23:16:36 -03 2023 3: File pid.txt not found
Sun Jan 22 23:16:36 -03 2023 3: File pid.txt not found
Sun Jan 22 23:16:36 -03 2023 3: File pid.txt not found
Sun Jan 22 23:16:36 -03 2023 3: File pid.txt not found
Sun Jan 22 23:16:36 -03 2023 3: File pid.txt not found
Sun Jan 22 23:16:36 -03 2023 3: File pid.txt not found
Sun Jan 22 23:16:36 -03 2023 3: File pid.txt not found
Sun Jan 22 23:16:36 -03 2023 3: File pid.txt not found
Sun Jan 22 23:16:36 -03 2023 3: File pid.txt not found
Sun Jan 22 23:16:37 -03 2023 3: File pid.txt not found
Sun Jan 22 23:16:37 -03 2023 3: File pid.txt not found
Sun Jan 22 23:16:37 -03 2023 3: File pid.txt not found
Sun Jan 22 23:16:37 -03 2023 3: File pid.txt not found
Sun Jan 22 23:16:37 -03 2023 3: File pid.txt not found
Sun Jan 22 23:16:37 -03 2023 3: File pid.txt not found
Sun Jan 22 23:16:37 -03 2023 3: File pid.txt not found
Sun Jan 22 23:16:37 -03 2023 3: File pid.txt not found
Sun Jan 22 23:16:37 -03 2023 3: File pid.txt not found
Sun Jan 22 23:16:37 -03 2023 3: File pid.txt not found
Sun Jan 22 23:16:37 -03 2023 3: File pid.txt not found
Sun Jan 22 23:16:37 -03 2023 3: File pid.txt not found
Sun Jan 22 23:16:37 -03 2023 3: File pid.txt not found
Sun Jan 22 23:16:37 -03 2023 3: File pid.txt not found
Sun Jan 22 23:16:37 -03 2023 3: File pid.txt not found
Sun Jan 22 23:16:37 -03 2023 3: File pid.txt not found
Sun Jan 22 23:16:37 -03 2023 3: File pid.txt not found
Sun Jan 22 23:16:37 -03 2023 3: File pid.txt not found
Sun Jan 22 23:16:37 -03 2023 3: File pid.txt not found
Sun Jan 22 23:16:37 -03 2023 3: File pid.txt not found
Sun Jan 22 23:16:37 -03 2023 3: File pid.txt not found
Sun Jan 22 23:16:37 -03 2023 3: File pid.txt not found
Sun Jan 22 23:16:37 -03 2023 3: File pid.txt not found
Sun Jan 22 23:16:37 -03 2023 3: File pid.txt not found
Sun Jan 22 23:16:37 -03 2023 3: File pid.txt not found
Sun Jan 22 23:16:37 -03 2023 3: File pid.txt not found
Sun Jan 22 23:16:37 -03 2023 3: File pid.txt not found
Sun Jan 22 23:16:37 -03 2023 3: File pid.txt not found
Sun Jan 22 23:16:37 -03 2023 3: File pid.txt not found
Sun Jan 22 23:16:37 -03 2023 3: File pid.txt not found
Sun Jan 22 23:16:37 -03 2023 3: File pid.txt not found
Sun Jan 22 23:16:37 -03 2023 3: File pid.txt not found
Sun Jan 22 23:16:37 -03 2023 3: File pid.txt not found
Sun Jan 22 23:16:37 -03 2023 3: File pid.txt not found
Sun Jan 22 23:16:37 -03 2023 3: File pid.txt not found
Sun Jan 22 23:16:37 -03 2023 3: File pid.txt not found
Sun Jan 22 23:16:37 -03 2023 3: File pid.txt not found
Sun Jan 22 23:16:37 -03 2023 3: File pid.txt not found
Sun Jan 22 23:16:37 -03 2023 3: File pid.txt not found
Sun Jan 22 23:16:37 -03 2023 3: File pid.txt not found
Sun Jan 22 23:16:37 -03 2023 3: File pid.txt not found
Sun Jan 22 23:16:37 -03 2023 3: File pid.txt not found
Sun Jan 22 23:16:37 -03 2023 3: File pid.txt not found
Sun Jan 22 23:16:37 -03 2023 3: File pid.txt not found
Sun Jan 22 23:16:37 -03 2023 3: File pid.txt not found
Sun Jan 22 23:16:37 -03 2023 3: File pid.txt not found
Sun Jan 22 23:16:37 -03 2023 3: File pid.txt not found
Sun Jan 22 23:16:37 -03 2023 3: File pid.txt not found
Sun Jan 22 23:16:37 -03 2023 3: File pid.txt not found
Sun Jan 22 23:16:37 -03 2023 3: File pid.txt not found
Sun Jan 22 23:16:37 -03 2023 3: File pid.txt not found
Sun Jan 22 23:16:37 -03 2023 3: File pid.txt not found
Sun Jan 22 23:16:37 -03 2023 3: File pid.txt not found
Sun Jan 22 23:16:37 -03 2023 3: File pid.txt not found
Sun Jan 22 23:16:37 -03 2023 3: File pid.txt not found
Sun Jan 22 23:16:37 -03 2023 3: File pid.txt not found
Sun Jan 22 23:16:37 -03 2023 3: File pid.txt not found
Sun Jan 22 23:16:37 -03 2023 3: File pid.txt not found
Sun Jan 22 23:16:37 -03 2023 3: File pid.txt not found
Sun Jan 22 23:16:37 -03 2023 3: File pid.txt not found
Sun Jan 22 23:16:37 -03 2023 3: File pid.txt not found
Sun Jan 22 23:16:37 -03 2023 3: File pid.txt not found
Sun Jan 22 23:16:37 -03 2023 3: File pid.txt not found
Sun Jan 22 23:18:03 -03 2023 1: File pid.txt not found
Sun Jan 22 23:18:03 -03 2023 1: executing desafio-01.py
Sun Jan 22 23:18:03 -03 2023 1: File pid.txt not found
Sun Jan 22 23:18:03 -03 2023 1: executing desafio-01.py
Sun Jan 22 23:18:03 -03 2023 1: File pid.txt not found
Sun Jan 22 23:18:03 -03 2023 1: executing desafio-01.py
Sun Jan 22 23:18:03 -03 2023 1: File pid.txt not found
Sun Jan 22 23:18:03 -03 2023 1: executing desafio-01.py
Sun Jan 22 23:18:03 -03 2023 1: File pid.txt not found
Sun Jan 22 23:18:03 -03 2023 1: executing desafio-01.py
Sun Jan 22 23:18:03 -03 2023 1: File pid.txt not found
Sun Jan 22 23:18:03 -03 2023 1: executing desafio-01.py
Sun Jan 22 23:18:03 -03 2023 1: File pid.txt not found
Sun Jan 22 23:18:03 -03 2023 1: executing desafio-01.py
Sun Jan 22 23:18:03 -03 2023 1: File pid.txt not found
Sun Jan 22 23:18:03 -03 2023 1: executing desafio-01.py
Sun Jan 22 23:18:03 -03 2023 1: File pid.txt not found
Sun Jan 22 23:18:03 -03 2023 1: executing desafio-01.py
Sun Jan 22 23:18:04 -03 2023 1: File pid.txt not found
Sun Jan 22 23:18:04 -03 2023 1: executing desafio-01.py
Sun Jan 22 23:18:04 -03 2023 1: File pid.txt not found
Sun Jan 22 23:18:04 -03 2023 1: executing desafio-01.py
Sun Jan 22 23:18:04 -03 2023 1: File pid.txt not found
Sun Jan 22 23:18:04 -03 2023 1: executing desafio-01.py
Sun Jan 22 23:18:04 -03 2023 1: File pid.txt not found
Sun Jan 22 23:18:04 -03 2023 1: executing desafio-01.py
Sun Jan 22 23:18:04 -03 2023 1: File pid.txt not found
Sun Jan 22 23:18:04 -03 2023 1: executing desafio-01.py
Sun Jan 22 23:18:04 -03 2023 1: File pid.txt not found
Sun Jan 22 23:18:04 -03 2023 1: executing desafio-01.py
Sun Jan 22 23:18:04 -03 2023 1: File pid.txt not found
Sun Jan 22 23:18:04 -03 2023 1: executing desafio-01.py
Sun Jan 22 23:18:04 -03 2023 1: File pid.txt not found
Sun Jan 22 23:18:04 -03 2023 1: executing desafio-01.py
Sun Jan 22 23:18:04 -03 2023 1: File pid.txt not found
Sun Jan 22 23:18:04 -03 2023 1: executing desafio-01.py
Sun Jan 22 23:18:04 -03 2023 1: File pid.txt not found
Sun Jan 22 23:18:04 -03 2023 1: executing desafio-01.py
Sun Jan 22 23:18:04 -03 2023 1: File pid.txt not found
Sun Jan 22 23:18:04 -03 2023 1: executing desafio-01.py
Sun Jan 22 23:18:04 -03 2023 1: File pid.txt not found
Sun Jan 22 23:18:04 -03 2023 1: executing desafio-01.py
Sun Jan 22 23:18:04 -03 2023 1: File pid.txt not found
Sun Jan 22 23:18:04 -03 2023 1: executing desafio-01.py
Sun Jan 22 23:18:04 -03 2023 1: File pid.txt not found
Sun Jan 22 23:18:04 -03 2023 1: executing desafio-01.py
Sun Jan 22 23:18:04 -03 2023 1: File pid.txt not found
Sun Jan 22 23:18:04 -03 2023 1: executing desafio-01.py
Sun Jan 22 23:18:04 -03 2023 1: File pid.txt not found
Sun Jan 22 23:18:04 -03 2023 1: executing desafio-01.py
Sun Jan 22 23:18:04 -03 2023 1: File pid.txt not found
Sun Jan 22 23:18:04 -03 2023 1: executing desafio-01.py
Sun Jan 22 23:18:04 -03 2023 1: File pid.txt not found
Sun Jan 22 23:18:04 -03 2023 1: executing desafio-01.py
Sun Jan 22 23:18:04 -03 2023 1: File pid.txt not found
Sun Jan 22 23:18:04 -03 2023 1: executing desafio-01.py
Sun Jan 22 23:18:04 -03 2023 1: File pid.txt not found
Sun Jan 22 23:18:05 -03 2023 1: executing desafio-01.py
Sun Jan 22 23:18:05 -03 2023 1: File pid.txt not found
Sun Jan 22 23:18:05 -03 2023 1: executing desafio-01.py
Sun Jan 22 23:18:05 -03 2023 1: File pid.txt not found
Sun Jan 22 23:18:05 -03 2023 1: executing desafio-01.py
Sun Jan 22 23:18:05 -03 2023 1: File pid.txt not found
Sun Jan 22 23:18:05 -03 2023 1: executing desafio-01.py
Sun Jan 22 23:18:05 -03 2023 1: File pid.txt not found
Sun Jan 22 23:18:05 -03 2023 1: executing desafio-01.py
Sun Jan 22 23:18:05 -03 2023 1: File pid.txt not found
Sun Jan 22 23:18:05 -03 2023 1: executing desafio-01.py
Sun Jan 22 23:18:05 -03 2023 1: File pid.txt not found
Sun Jan 22 23:18:05 -03 2023 1: executing desafio-01.py
Sun Jan 22 23:18:05 -03 2023 1: File pid.txt not found
Sun Jan 22 23:18:05 -03 2023 1: executing desafio-01.py
Sun Jan 22 23:18:05 -03 2023 1: File pid.txt not found
Sun Jan 22 23:18:05 -03 2023 1: executing desafio-01.py
Sun Jan 22 23:18:05 -03 2023 1: File pid.txt not found
Sun Jan 22 23:18:05 -03 2023 1: executing desafio-01.py
Sun Jan 22 23:18:05 -03 2023 1: File pid.txt not found
Sun Jan 22 23:18:05 -03 2023 1: executing desafio-01.py
Sun Jan 22 23:18:05 -03 2023 1: File pid.txt not found
Sun Jan 22 23:18:05 -03 2023 1: executing desafio-01.py
Sun Jan 22 23:18:05 -03 2023 1: File pid.txt not found
Sun Jan 22 23:18:05 -03 2023 1: executing desafio-01.py
Sun Jan 22 23:18:05 -03 2023 1: File pid.txt not found
Sun Jan 22 23:18:05 -03 2023 1: executing desafio-01.py
Sun Jan 22 23:18:05 -03 2023 1: File pid.txt not found
Sun Jan 22 23:18:05 -03 2023 1: executing desafio-01.py
Sun Jan 22 23:18:05 -03 2023 1: File pid.txt not found
Sun Jan 22 23:18:05 -03 2023 1: executing desafio-01.py
Sun Jan 22 23:18:05 -03 2023 1: File pid.txt not found
Sun Jan 22 23:18:05 -03 2023 1: executing desafio-01.py
Sun Jan 22 23:18:05 -03 2023 1: File pid.txt not found
Sun Jan 22 23:18:05 -03 2023 1: executing desafio-01.py
Sun Jan 22 23:18:05 -03 2023 1: File pid.txt not found
Sun Jan 22 23:18:05 -03 2023 1: executing desafio-01.py
Sun Jan 22 23:18:05 -03 2023 1: File pid.txt not found
Sun Jan 22 23:18:05 -03 2023 1: executing desafio-01.py
Sun Jan 22 23:18:05 -03 2023 1: File pid.txt not found
Sun Jan 22 23:18:05 -03 2023 1: executing desafio-01.py
Sun Jan 22 23:18:06 -03 2023 1: File pid.txt not found
Sun Jan 22 23:18:06 -03 2023 1: executing desafio-01.py
Sun Jan 22 23:18:06 -03 2023 1: File pid.txt not found
Sun Jan 22 23:18:06 -03 2023 1: executing desafio-01.py
Sun Jan 22 23:18:06 -03 2023 1: File pid.txt not found
Sun Jan 22 23:18:06 -03 2023 1: executing desafio-01.py
Sun Jan 22 23:18:06 -03 2023 1: File pid.txt not found
Sun Jan 22 23:18:06 -03 2023 1: executing desafio-01.py
Sun Jan 22 23:18:06 -03 2023 1: File pid.txt not found
Sun Jan 22 23:18:06 -03 2023 1: executing desafio-01.py
Sun Jan 22 23:18:06 -03 2023 1: File pid.txt not found
Sun Jan 22 23:18:06 -03 2023 1: executing desafio-01.py
Sun Jan 22 23:18:06 -03 2023 1: File pid.txt not found
Sun Jan 22 23:18:06 -03 2023 1: executing desafio-01.py
Sun Jan 22 23:18:06 -03 2023 1: File pid.txt not found
Sun Jan 22 23:18:06 -03 2023 1: executing desafio-01.py
Sun Jan 22 23:18:06 -03 2023 1: File pid.txt not found
Sun Jan 22 23:18:06 -03 2023 1: executing desafio-01.py
Sun Jan 22 23:18:06 -03 2023 1: File pid.txt not found
Sun Jan 22 23:18:06 -03 2023 1: executing desafio-01.py
Sun Jan 22 23:18:06 -03 2023 1: File pid.txt not found
Sun Jan 22 23:18:06 -03 2023 1: executing desafio-01.py
Sun Jan 22 23:18:06 -03 2023 1: File pid.txt not found
Sun Jan 22 23:18:06 -03 2023 1: executing desafio-01.py
Sun Jan 22 23:18:06 -03 2023 1: File pid.txt not found
Sun Jan 22 23:18:06 -03 2023 1: executing desafio-01.py
Sun Jan 22 23:18:06 -03 2023 1: File pid.txt not found
Sun Jan 22 23:18:06 -03 2023 1: executing desafio-01.py
Sun Jan 22 23:18:06 -03 2023 1: File pid.txt not found
Sun Jan 22 23:18:06 -03 2023 1: executing desafio-01.py
Sun Jan 22 23:18:06 -03 2023 1: File pid.txt not found
Sun Jan 22 23:18:06 -03 2023 1: executing desafio-01.py
Sun Jan 22 23:18:06 -03 2023 1: File pid.txt not found
Sun Jan 22 23:18:06 -03 2023 1: executing desafio-01.py
Sun Jan 22 23:18:06 -03 2023 1: File pid.txt not found
Sun Jan 22 23:18:06 -03 2023 1: executing desafio-01.py
Sun Jan 22 23:18:06 -03 2023 1: File pid.txt not found
Sun Jan 22 23:18:06 -03 2023 1: executing desafio-01.py
Sun Jan 22 23:18:06 -03 2023 1: File pid.txt not found
Sun Jan 22 23:18:06 -03 2023 1: executing desafio-01.py
Sun Jan 22 23:18:06 -03 2023 1: File pid.txt not found
Sun Jan 22 23:18:06 -03 2023 1: executing desafio-01.py
Sun Jan 22 23:18:07 -03 2023 1: File pid.txt not found
Sun Jan 22 23:18:07 -03 2023 1: executing desafio-01.py
Sun Jan 22 23:18:07 -03 2023 1: File pid.txt not found
Sun Jan 22 23:18:07 -03 2023 1: executing desafio-01.py
Sun Jan 22 23:18:07 -03 2023 1: File pid.txt not found
Sun Jan 22 23:18:07 -03 2023 1: executing desafio-01.py
Sun Jan 22 23:18:07 -03 2023 1: File pid.txt not found
Sun Jan 22 23:18:07 -03 2023 1: executing desafio-01.py
Sun Jan 22 23:18:07 -03 2023 1: File pid.txt not found
Sun Jan 22 23:18:07 -03 2023 1: executing desafio-01.py
Sun Jan 22 23:18:07 -03 2023 1: File pid.txt not found
Sun Jan 22 23:18:07 -03 2023 1: executing desafio-01.py
Sun Jan 22 23:18:07 -03 2023 1: File pid.txt not found
Sun Jan 22 23:18:07 -03 2023 1: executing desafio-01.py
Sun Jan 22 23:18:07 -03 2023 1: File pid.txt not found
Sun Jan 22 23:18:07 -03 2023 1: executing desafio-01.py
Sun Jan 22 23:18:07 -03 2023 1: File pid.txt not found
Sun Jan 22 23:18:07 -03 2023 1: executing desafio-01.py
Sun Jan 22 23:18:07 -03 2023 1: File pid.txt not found
Sun Jan 22 23:18:07 -03 2023 1: executing desafio-01.py
Sun Jan 22 23:18:07 -03 2023 1: File pid.txt not found
Sun Jan 22 23:18:07 -03 2023 1: executing desafio-01.py
Sun Jan 22 23:18:07 -03 2023 1: File pid.txt not found
Sun Jan 22 23:18:07 -03 2023 1: executing desafio-01.py
Sun Jan 22 23:18:07 -03 2023 1: File pid.txt not found
Sun Jan 22 23:18:07 -03 2023 1: executing desafio-01.py
Sun Jan 22 23:18:07 -03 2023 1: File pid.txt not found
Sun Jan 22 23:18:07 -03 2023 1: executing desafio-01.py
Sun Jan 22 23:18:07 -03 2023 1: File pid.txt not found
Sun Jan 22 23:18:07 -03 2023 1: executing desafio-01.py
Sun Jan 22 23:18:07 -03 2023 1: File pid.txt not found
Sun Jan 22 23:18:07 -03 2023 1: executing desafio-01.py
Sun Jan 22 23:18:07 -03 2023 1: File pid.txt not found
Sun Jan 22 23:18:07 -03 2023 1: executing desafio-01.py
Sun Jan 22 23:18:07 -03 2023 1: File pid.txt not found
Sun Jan 22 23:18:07 -03 2023 1: executing desafio-01.py
Sun Jan 22 23:18:07 -03 2023 1: File pid.txt not found
Sun Jan 22 23:18:07 -03 2023 1: executing desafio-01.py
Sun Jan 22 23:18:07 -03 2023 1: File pid.txt not found
Sun Jan 22 23:18:07 -03 2023 1: executing desafio-01.py
Sun Jan 22 23:19:53 -03 2023 1: File pid.txt not found
Sun Jan 22 23:19:53 -03 2023 1: executing desafio-01.py
Sun Jan 22 23:19:53 -03 2023 1: File pid.txt not found
Sun Jan 22 23:19:53 -03 2023 1: executing desafio-01.py
Sun Jan 22 23:19:53 -03 2023 1: File pid.txt not found
Sun Jan 22 23:19:53 -03 2023 1: executing desafio-01.py
Sun Jan 22 23:19:53 -03 2023 1: File pid.txt not found
Sun Jan 22 23:19:53 -03 2023 1: executing desafio-01.py
Sun Jan 22 23:19:53 -03 2023 1: File pid.txt not found
Sun Jan 22 23:19:53 -03 2023 1: executing desafio-01.py
Sun Jan 22 23:19:53 -03 2023 1: File pid.txt not found
Sun Jan 22 23:19:53 -03 2023 1: executing desafio-01.py
Sun Jan 22 23:19:53 -03 2023 1: File pid.txt not found
Sun Jan 22 23:19:53 -03 2023 1: executing desafio-01.py
Sun Jan 22 23:19:53 -03 2023 1: File pid.txt not found
Sun Jan 22 23:19:53 -03 2023 1: executing desafio-01.py
Sun Jan 22 23:19:53 -03 2023 1: File pid.txt not found
Sun Jan 22 23:19:53 -03 2023 1: executing desafio-01.py
Sun Jan 22 23:19:53 -03 2023 1: File pid.txt not found
Sun Jan 22 23:19:53 -03 2023 1: executing desafio-01.py
Sun Jan 22 23:19:53 -03 2023 1: File pid.txt not found
Sun Jan 22 23:19:53 -03 2023 1: executing desafio-01.py
Sun Jan 22 23:19:53 -03 2023 1: File pid.txt not found
Sun Jan 22 23:19:53 -03 2023 1: executing desafio-01.py
Sun Jan 22 23:19:53 -03 2023 1: File pid.txt not found
Sun Jan 22 23:19:53 -03 2023 1: executing desafio-01.py
Sun Jan 22 23:19:53 -03 2023 1: File pid.txt not found
Sun Jan 22 23:19:53 -03 2023 1: executing desafio-01.py
Sun Jan 22 23:19:53 -03 2023 1: File pid.txt not found
Sun Jan 22 23:19:53 -03 2023 1: executing desafio-01.py
Sun Jan 22 23:19:53 -03 2023 1: File pid.txt not found
Sun Jan 22 23:19:53 -03 2023 1: executing desafio-01.py
Sun Jan 22 23:19:53 -03 2023 1: File pid.txt not found
Sun Jan 22 23:19:53 -03 2023 1: executing desafio-01.py
Sun Jan 22 23:19:54 -03 2023 1: File pid.txt not found
Sun Jan 22 23:19:54 -03 2023 1: executing desafio-01.py
Sun Jan 22 23:19:54 -03 2023 1: File pid.txt not found
Sun Jan 22 23:19:54 -03 2023 1: executing desafio-01.py
Sun Jan 22 23:19:54 -03 2023 1: File pid.txt not found
Sun Jan 22 23:19:54 -03 2023 1: executing desafio-01.py
Sun Jan 22 23:19:54 -03 2023 1: File pid.txt not found
Sun Jan 22 23:19:54 -03 2023 1: executing desafio-01.py
Sun Jan 22 23:19:54 -03 2023 1: File pid.txt not found
Sun Jan 22 23:19:54 -03 2023 1: executing desafio-01.py
Sun Jan 22 23:19:54 -03 2023 1: File pid.txt not found
Sun Jan 22 23:19:54 -03 2023 1: executing desafio-01.py
Sun Jan 22 23:19:54 -03 2023 1: File pid.txt not found
Sun Jan 22 23:19:54 -03 2023 1: executing desafio-01.py
Sun Jan 22 23:19:54 -03 2023 1: File pid.txt not found
Sun Jan 22 23:19:54 -03 2023 1: executing desafio-01.py
Sun Jan 22 23:19:54 -03 2023 1: File pid.txt not found
Sun Jan 22 23:19:54 -03 2023 1: executing desafio-01.py
Sun Jan 22 23:19:54 -03 2023 1: File pid.txt not found
Sun Jan 22 23:19:54 -03 2023 1: executing desafio-01.py
Sun Jan 22 23:19:54 -03 2023 1: File pid.txt not found
Sun Jan 22 23:19:54 -03 2023 1: executing desafio-01.py
Sun Jan 22 23:19:54 -03 2023 1: File pid.txt not found
Sun Jan 22 23:19:54 -03 2023 1: executing desafio-01.py
Sun Jan 22 23:19:54 -03 2023 1: File pid.txt not found
Sun Jan 22 23:19:54 -03 2023 1: executing desafio-01.py
Sun Jan 22 23:19:54 -03 2023 1: File pid.txt not found
Sun Jan 22 23:19:54 -03 2023 1: executing desafio-01.py
Sun Jan 22 23:19:54 -03 2023 1: File pid.txt not found
Sun Jan 22 23:19:54 -03 2023 1: executing desafio-01.py
Sun Jan 22 23:19:54 -03 2023 1: File pid.txt not found
Sun Jan 22 23:19:54 -03 2023 1: executing desafio-01.py
Sun Jan 22 23:19:54 -03 2023 1: File pid.txt not found
Sun Jan 22 23:19:54 -03 2023 1: executing desafio-01.py
Sun Jan 22 23:19:55 -03 2023 1: File pid.txt not found
Sun Jan 22 23:19:55 -03 2023 1: executing desafio-01.py
Sun Jan 22 23:19:55 -03 2023 1: File pid.txt not found
Sun Jan 22 23:19:55 -03 2023 1: executing desafio-01.py
Sun Jan 22 23:19:55 -03 2023 1: File pid.txt not found
Sun Jan 22 23:19:55 -03 2023 1: executing desafio-01.py
Sun Jan 22 23:19:55 -03 2023 1: File pid.txt not found
Sun Jan 22 23:19:55 -03 2023 1: executing desafio-01.py
Sun Jan 22 23:19:55 -03 2023 1: File pid.txt not found
Sun Jan 22 23:19:55 -03 2023 1: executing desafio-01.py
Sun Jan 22 23:19:55 -03 2023 1: File pid.txt not found
Sun Jan 22 23:19:55 -03 2023 1: executing desafio-01.py
Sun Jan 22 23:19:55 -03 2023 1: File pid.txt not found
Sun Jan 22 23:19:55 -03 2023 1: executing desafio-01.py
Sun Jan 22 23:19:55 -03 2023 1: File pid.txt not found
Sun Jan 22 23:19:55 -03 2023 1: executing desafio-01.py
Sun Jan 22 23:19:55 -03 2023 1: File pid.txt not found
Sun Jan 22 23:19:55 -03 2023 1: executing desafio-01.py
Sun Jan 22 23:19:55 -03 2023 1: File pid.txt not found
Sun Jan 22 23:19:55 -03 2023 1: executing desafio-01.py
Sun Jan 22 23:19:55 -03 2023 1: File pid.txt not found
Sun Jan 22 23:19:55 -03 2023 1: executing desafio-01.py
Sun Jan 22 23:19:55 -03 2023 1: File pid.txt not found
Sun Jan 22 23:19:55 -03 2023 1: executing desafio-01.py
Sun Jan 22 23:19:55 -03 2023 1: File pid.txt not found
Sun Jan 22 23:19:55 -03 2023 1: executing desafio-01.py
Sun Jan 22 23:19:55 -03 2023 1: File pid.txt not found
Sun Jan 22 23:19:55 -03 2023 1: executing desafio-01.py
Sun Jan 22 23:19:55 -03 2023 1: File pid.txt not found
Sun Jan 22 23:19:55 -03 2023 1: executing desafio-01.py
Sun Jan 22 23:19:55 -03 2023 1: File pid.txt not found
Sun Jan 22 23:19:55 -03 2023 1: executing desafio-01.py
Sun Jan 22 23:19:55 -03 2023 1: File pid.txt not found
Sun Jan 22 23:19:55 -03 2023 1: executing desafio-01.py
Sun Jan 22 23:19:55 -03 2023 1: File pid.txt not found
Sun Jan 22 23:19:55 -03 2023 1: executing desafio-01.py
Sun Jan 22 23:19:56 -03 2023 1: File pid.txt not found
Sun Jan 22 23:19:56 -03 2023 1: executing desafio-01.py
Sun Jan 22 23:19:56 -03 2023 1: File pid.txt not found
Sun Jan 22 23:19:56 -03 2023 1: executing desafio-01.py
Sun Jan 22 23:19:56 -03 2023 1: File pid.txt not found
Sun Jan 22 23:19:56 -03 2023 1: executing desafio-01.py
Sun Jan 22 23:19:56 -03 2023 1: File pid.txt not found
Sun Jan 22 23:19:56 -03 2023 1: executing desafio-01.py
Sun Jan 22 23:19:56 -03 2023 1: File pid.txt not found
Sun Jan 22 23:19:56 -03 2023 1: executing desafio-01.py
Sun Jan 22 23:19:56 -03 2023 1: File pid.txt not found
Sun Jan 22 23:19:56 -03 2023 1: executing desafio-01.py
Sun Jan 22 23:19:56 -03 2023 1: File pid.txt not found
Sun Jan 22 23:19:56 -03 2023 1: executing desafio-01.py
Sun Jan 22 23:19:56 -03 2023 1: File pid.txt not found
Sun Jan 22 23:19:56 -03 2023 1: executing desafio-01.py
Sun Jan 22 23:19:56 -03 2023 1: File pid.txt not found
Sun Jan 22 23:19:56 -03 2023 1: executing desafio-01.py
Sun Jan 22 23:19:56 -03 2023 1: File pid.txt not found
Sun Jan 22 23:19:56 -03 2023 1: executing desafio-01.py
Sun Jan 22 23:19:56 -03 2023 1: File pid.txt not found
Sun Jan 22 23:19:56 -03 2023 1: executing desafio-01.py
Sun Jan 22 23:19:56 -03 2023 1: File pid.txt not found
Sun Jan 22 23:19:56 -03 2023 1: executing desafio-01.py
Sun Jan 22 23:19:56 -03 2023 1: File pid.txt not found
Sun Jan 22 23:19:56 -03 2023 1: executing desafio-01.py
Sun Jan 22 23:19:56 -03 2023 1: File pid.txt not found
Sun Jan 22 23:19:56 -03 2023 1: executing desafio-01.py
Sun Jan 22 23:19:56 -03 2023 1: File pid.txt not found
Sun Jan 22 23:19:56 -03 2023 1: executing desafio-01.py
Sun Jan 22 23:19:56 -03 2023 1: File pid.txt not found
Sun Jan 22 23:19:56 -03 2023 1: executing desafio-01.py
Sun Jan 22 23:19:56 -03 2023 1: File pid.txt not found
Sun Jan 22 23:19:56 -03 2023 1: executing desafio-01.py
Sun Jan 22 23:19:57 -03 2023 1: File pid.txt not found
Sun Jan 22 23:19:57 -03 2023 1: executing desafio-01.py
Sun Jan 22 23:19:57 -03 2023 1: File pid.txt not found
Sun Jan 22 23:19:57 -03 2023 1: executing desafio-01.py
Sun Jan 22 23:19:57 -03 2023 1: File pid.txt not found
Sun Jan 22 23:19:57 -03 2023 1: executing desafio-01.py
Sun Jan 22 23:19:57 -03 2023 1: File pid.txt not found
Sun Jan 22 23:19:57 -03 2023 1: executing desafio-01.py
Sun Jan 22 23:19:57 -03 2023 1: File pid.txt not found
Sun Jan 22 23:19:57 -03 2023 1: executing desafio-01.py
Sun Jan 22 23:19:57 -03 2023 1: File pid.txt not found
Sun Jan 22 23:19:57 -03 2023 1: executing desafio-01.py
Sun Jan 22 23:19:57 -03 2023 1: File pid.txt not found
Sun Jan 22 23:19:57 -03 2023 1: executing desafio-01.py
Sun Jan 22 23:19:57 -03 2023 1: File pid.txt not found
Sun Jan 22 23:19:57 -03 2023 1: executing desafio-01.py
Sun Jan 22 23:19:57 -03 2023 1: File pid.txt not found
Sun Jan 22 23:19:57 -03 2023 1: executing desafio-01.py
Sun Jan 22 23:19:57 -03 2023 1: File pid.txt not found
Sun Jan 22 23:19:57 -03 2023 1: executing desafio-01.py
Sun Jan 22 23:19:57 -03 2023 1: File pid.txt not found
Sun Jan 22 23:19:57 -03 2023 1: executing desafio-01.py
Sun Jan 22 23:19:57 -03 2023 1: File pid.txt not found
Sun Jan 22 23:19:57 -03 2023 1: executing desafio-01.py
Sun Jan 22 23:19:57 -03 2023 1: File pid.txt not found
Sun Jan 22 23:19:57 -03 2023 1: executing desafio-01.py
Sun Jan 22 23:19:57 -03 2023 1: File pid.txt not found
Sun Jan 22 23:19:57 -03 2023 1: executing desafio-01.py
Sun Jan 22 23:19:57 -03 2023 1: File pid.txt not found
Sun Jan 22 23:19:57 -03 2023 1: executing desafio-01.py
Sun Jan 22 23:19:57 -03 2023 1: File pid.txt not found
Sun Jan 22 23:19:57 -03 2023 1: executing desafio-01.py
Sun Jan 22 23:19:58 -03 2023 1: File pid.txt not found
Sun Jan 22 23:19:58 -03 2023 1: executing desafio-01.py
Sun Jan 22 23:19:58 -03 2023 1: File pid.txt not found
Sun Jan 22 23:19:58 -03 2023 1: executing desafio-01.py
Sun Jan 22 23:19:58 -03 2023 1: File pid.txt not found
Sun Jan 22 23:19:58 -03 2023 1: executing desafio-01.py
Sun Jan 22 23:19:58 -03 2023 1: File pid.txt not found
Sun Jan 22 23:19:58 -03 2023 1: executing desafio-01.py
Sun Jan 22 23:19:58 -03 2023 1: File pid.txt not found
Sun Jan 22 23:19:58 -03 2023 1: executing desafio-01.py
Sun Jan 22 23:19:58 -03 2023 1: File pid.txt not found
Sun Jan 22 23:19:58 -03 2023 1: executing desafio-01.py
Sun Jan 22 23:19:58 -03 2023 1: File pid.txt not found
Sun Jan 22 23:19:58 -03 2023 1: executing desafio-01.py
Sun Jan 22 23:19:58 -03 2023 1: File pid.txt not found
Sun Jan 22 23:19:58 -03 2023 1: executing desafio-01.py
Sun Jan 22 23:19:58 -03 2023 1: File pid.txt not found
Sun Jan 22 23:19:58 -03 2023 1: executing desafio-01.py
Sun Jan 22 23:19:58 -03 2023 1: File pid.txt not found
Sun Jan 22 23:19:58 -03 2023 1: executing desafio-01.py
Sun Jan 22 23:19:58 -03 2023 1: File pid.txt not found
Sun Jan 22 23:19:58 -03 2023 1: executing desafio-01.py
Sun Jan 22 23:19:58 -03 2023 1: File pid.txt not found
Sun Jan 22 23:19:58 -03 2023 1: executing desafio-01.py
Sun Jan 22 23:19:58 -03 2023 1: File pid.txt not found
Sun Jan 22 23:19:58 -03 2023 1: executing desafio-01.py
Sun Jan 22 23:19:58 -03 2023 1: File pid.txt not found
Sun Jan 22 23:19:58 -03 2023 1: executing desafio-01.py
Sun Jan 22 23:19:58 -03 2023 1: File pid.txt not found
Sun Jan 22 23:19:58 -03 2023 1: executing desafio-01.py
Sun Jan 22 23:19:58 -03 2023 1: File pid.txt not found
Sun Jan 22 23:19:58 -03 2023 1: executing desafio-01.py
Sun Jan 22 23:20:06 -03 2023 1: File pid.txt not found
Sun Jan 22 23:20:06 -03 2023 1: executing desafio-01.py
Sun Jan 22 23:20:07 -03 2023 1: File pid.txt not found
Sun Jan 22 23:20:07 -03 2023 1: executing desafio-01.py
Sun Jan 22 23:20:07 -03 2023 1: File pid.txt not found
Sun Jan 22 23:20:07 -03 2023 1: executing desafio-01.py
Sun Jan 22 23:20:07 -03 2023 1: File pid.txt not found
Sun Jan 22 23:20:07 -03 2023 1: executing desafio-01.py
Sun Jan 22 23:20:08 -03 2023 1: File pid.txt not found
Sun Jan 22 23:20:08 -03 2023 1: executing desafio-01.py
Sun Jan 22 23:20:08 -03 2023 1: File pid.txt not found
Sun Jan 22 23:20:08 -03 2023 1: executing desafio-01.py
Sun Jan 22 23:20:08 -03 2023 1: File pid.txt not found
Sun Jan 22 23:20:08 -03 2023 1: executing desafio-01.py
Sun Jan 22 23:20:09 -03 2023 1: File pid.txt not found
Sun Jan 22 23:20:09 -03 2023 1: executing desafio-01.py
Sun Jan 22 23:20:09 -03 2023 1: File pid.txt not found
Sun Jan 22 23:20:09 -03 2023 1: executing desafio-01.py
Sun Jan 22 23:20:09 -03 2023 1: File pid.txt not found
Sun Jan 22 23:20:09 -03 2023 1: executing desafio-01.py
Sun Jan 22 23:20:10 -03 2023 1: File pid.txt not found
Sun Jan 22 23:20:10 -03 2023 1: executing desafio-01.py
Sun Jan 22 23:20:10 -03 2023 1: File pid.txt not found
Sun Jan 22 23:20:10 -03 2023 1: executing desafio-01.py
Sun Jan 22 23:20:10 -03 2023 1: File pid.txt not found
Sun Jan 22 23:20:10 -03 2023 1: executing desafio-01.py
Sun Jan 22 23:20:11 -03 2023 1: File pid.txt not found
Sun Jan 22 23:20:11 -03 2023 1: executing desafio-01.py
Sun Jan 22 23:20:11 -03 2023 1: File pid.txt not found
Sun Jan 22 23:20:11 -03 2023 1: executing desafio-01.py
Sun Jan 22 23:20:12 -03 2023 1: File pid.txt not found
Sun Jan 22 23:20:12 -03 2023 1: executing desafio-01.py
Sun Jan 22 23:20:12 -03 2023 1: File pid.txt not found
Sun Jan 22 23:20:12 -03 2023 1: executing desafio-01.py
Sun Jan 22 23:20:12 -03 2023 1: File pid.txt not found
Sun Jan 22 23:20:12 -03 2023 1: executing desafio-01.py
Sun Jan 22 23:20:13 -03 2023 1: File pid.txt not found
Sun Jan 22 23:20:13 -03 2023 1: executing desafio-01.py
Sun Jan 22 23:20:13 -03 2023 1: File pid.txt not found
Sun Jan 22 23:20:13 -03 2023 1: executing desafio-01.py
Sun Jan 22 23:20:52 -03 2023 1: File pid.txt not found
Sun Jan 22 23:20:52 -03 2023 1: executing desafio-01.py
Sun Jan 22 23:20:52 -03 2023 1: File pid.txt not found
Sun Jan 22 23:20:52 -03 2023 1: executing desafio-01.py
Sun Jan 22 23:20:52 -03 2023 1: File pid.txt not found
Sun Jan 22 23:20:52 -03 2023 1: executing desafio-01.py
Sun Jan 22 23:20:53 -03 2023 1: File pid.txt not found
Sun Jan 22 23:20:53 -03 2023 1: executing desafio-01.py
Sun Jan 22 23:20:53 -03 2023 1: File pid.txt not found
Sun Jan 22 23:20:53 -03 2023 1: executing desafio-01.py
Sun Jan 22 23:20:53 -03 2023 1: File pid.txt not found
Sun Jan 22 23:20:53 -03 2023 1: executing desafio-01.py
Sun Jan 22 23:20:54 -03 2023 1: File pid.txt not found
Sun Jan 22 23:20:54 -03 2023 1: executing desafio-01.py
Sun Jan 22 23:20:54 -03 2023 1: File pid.txt not found
Sun Jan 22 23:20:54 -03 2023 1: executing desafio-01.py
Sun Jan 22 23:20:54 -03 2023 1: File pid.txt not found
Sun Jan 22 23:20:54 -03 2023 1: executing desafio-01.py
Sun Jan 22 23:20:54 -03 2023 1: File pid.txt not found
Sun Jan 22 23:20:54 -03 2023 1: executing desafio-01.py
Sun Jan 22 23:20:55 -03 2023 1: File pid.txt not found
Sun Jan 22 23:20:55 -03 2023 1: executing desafio-01.py
Sun Jan 22 23:20:55 -03 2023 1: File pid.txt not found
Sun Jan 22 23:20:55 -03 2023 1: executing desafio-01.py
Sun Jan 22 23:20:55 -03 2023 1: File pid.txt not found
Sun Jan 22 23:20:55 -03 2023 1: executing desafio-01.py
Sun Jan 22 23:20:56 -03 2023 1: File pid.txt not found
Sun Jan 22 23:20:56 -03 2023 1: executing desafio-01.py
Sun Jan 22 23:22:01 -03 2023 1: File pid.txt not found
Sun Jan 22 23:22:01 -03 2023 1: executing desafio-02.py
Sun Jan 22 23:22:02 -03 2023 1: File pid.txt not found
Sun Jan 22 23:22:02 -03 2023 1: executing desafio-02.py
Sun Jan 22 23:22:02 -03 2023 1: File pid.txt not found
Sun Jan 22 23:22:02 -03 2023 1: executing desafio-02.py
Sun Jan 22 23:22:02 -03 2023 1: File pid.txt not found
Sun Jan 22 23:22:02 -03 2023 1: executing desafio-02.py
Sun Jan 22 23:22:03 -03 2023 1: File pid.txt not found
Sun Jan 22 23:22:03 -03 2023 1: executing desafio-02.py
Sun Jan 22 23:22:03 -03 2023 1: File pid.txt not found
Sun Jan 22 23:22:03 -03 2023 1: executing desafio-02.py
Sun Jan 22 23:22:03 -03 2023 1: File pid.txt not found
Sun Jan 22 23:22:03 -03 2023 1: executing desafio-02.py
Sun Jan 22 23:22:04 -03 2023 1: File pid.txt not found
Sun Jan 22 23:22:04 -03 2023 1: executing desafio-02.py
Sun Jan 22 23:22:04 -03 2023 1: File pid.txt not found
Sun Jan 22 23:22:04 -03 2023 1: executing desafio-02.py
Sun Jan 22 23:22:04 -03 2023 1: File pid.txt not found
Sun Jan 22 23:22:04 -03 2023 1: executing desafio-02.py
Sun Jan 22 23:22:05 -03 2023 1: File pid.txt not found
Sun Jan 22 23:22:05 -03 2023 1: executing desafio-02.py
Sun Jan 22 23:22:05 -03 2023 1: File pid.txt not found
Sun Jan 22 23:22:05 -03 2023 1: executing desafio-02.py
Sun Jan 22 23:22:05 -03 2023 1: File pid.txt not found
Sun Jan 22 23:22:05 -03 2023 1: executing desafio-02.py
Sun Jan 22 23:22:06 -03 2023 1: File pid.txt not found
Sun Jan 22 23:22:06 -03 2023 1: executing desafio-02.py
Sun Jan 22 23:22:06 -03 2023 1: File pid.txt not found
Sun Jan 22 23:22:06 -03 2023 1: executing desafio-02.py
Sun Jan 22 23:22:06 -03 2023 1: File pid.txt not found
Sun Jan 22 23:22:06 -03 2023 1: executing desafio-02.py
Sun Jan 22 23:22:07 -03 2023 1: File pid.txt not found
Sun Jan 22 23:22:07 -03 2023 1: executing desafio-02.py
Sun Jan 22 23:22:07 -03 2023 1: File pid.txt not found
Sun Jan 22 23:22:07 -03 2023 1: executing desafio-02.py
Sun Jan 22 23:22:07 -03 2023 1: File pid.txt not found
Sun Jan 22 23:22:07 -03 2023 1: executing desafio-02.py
Sun Jan 22 23:22:08 -03 2023 1: File pid.txt not found
Sun Jan 22 23:22:08 -03 2023 1: executing desafio-02.py
Sun Jan 22 23:22:08 -03 2023 1: File pid.txt not found
Sun Jan 22 23:22:08 -03 2023 1: executing desafio-02.py
Sun Jan 22 23:22:08 -03 2023 1: File pid.txt not found
Sun Jan 22 23:22:08 -03 2023 1: executing desafio-02.py
Sun Jan 22 23:22:09 -03 2023 1: File pid.txt not found
Sun Jan 22 23:22:09 -03 2023 1: executing desafio-02.py
Sun Jan 22 23:22:09 -03 2023 1: File pid.txt not found
Sun Jan 22 23:22:09 -03 2023 1: executing desafio-02.py
Sun Jan 22 23:22:09 -03 2023 1: File pid.txt not found
Sun Jan 22 23:22:09 -03 2023 1: executing desafio-02.py
Sun Jan 22 23:22:10 -03 2023 1: File pid.txt not found
Sun Jan 22 23:22:10 -03 2023 1: executing desafio-02.py
Sun Jan 22 23:22:10 -03 2023 1: File pid.txt not found
Sun Jan 22 23:22:10 -03 2023 1: executing desafio-02.py
Sun Jan 22 23:22:10 -03 2023 1: File pid.txt not found
Sun Jan 22 23:22:10 -03 2023 1: executing desafio-02.py
Sun Jan 22 23:22:11 -03 2023 1: File pid.txt not found
Sun Jan 22 23:22:11 -03 2023 1: executing desafio-02.py
Sun Jan 22 23:22:11 -03 2023 1: File pid.txt not found
Sun Jan 22 23:22:11 -03 2023 1: executing desafio-02.py
Sun Jan 22 23:22:11 -03 2023 1: File pid.txt not found
Sun Jan 22 23:22:11 -03 2023 1: executing desafio-02.py
Sun Jan 22 23:22:12 -03 2023 1: File pid.txt not found
Sun Jan 22 23:22:12 -03 2023 1: executing desafio-02.py
Sun Jan 22 23:22:12 -03 2023 1: File pid.txt not found
Sun Jan 22 23:22:12 -03 2023 1: executing desafio-02.py
Sun Jan 22 23:22:12 -03 2023 1: File pid.txt not found
Sun Jan 22 23:22:12 -03 2023 1: executing desafio-02.py
Sun Jan 22 23:22:13 -03 2023 1: File pid.txt not found
Sun Jan 22 23:22:13 -03 2023 1: executing desafio-02.py
Sun Jan 22 23:22:13 -03 2023 1: File pid.txt not found
Sun Jan 22 23:22:13 -03 2023 1: executing desafio-02.py
Sun Jan 22 23:22:13 -03 2023 1: File pid.txt not found
Sun Jan 22 23:22:13 -03 2023 1: executing desafio-02.py
Sun Jan 22 23:22:14 -03 2023 1: File pid.txt not found
Sun Jan 22 23:22:14 -03 2023 1: executing desafio-02.py
Sun Jan 22 23:22:14 -03 2023 1: File pid.txt not found
Sun Jan 22 23:22:14 -03 2023 1: executing desafio-02.py
Sun Jan 22 23:22:14 -03 2023 1: File pid.txt not found
Sun Jan 22 23:22:14 -03 2023 1: executing desafio-02.py
Sun Jan 22 23:22:15 -03 2023 1: File pid.txt not found
Sun Jan 22 23:22:15 -03 2023 1: executing desafio-02.py
Sun Jan 22 23:22:15 -03 2023 1: File pid.txt not found
Sun Jan 22 23:22:15 -03 2023 1: executing desafio-02.py
Sun Jan 22 23:22:15 -03 2023 1: File pid.txt not found
Sun Jan 22 23:22:15 -03 2023 1: executing desafio-02.py
Sun Jan 22 23:22:16 -03 2023 1: File pid.txt not found
Sun Jan 22 23:22:16 -03 2023 1: executing desafio-02.py
Sun Jan 22 23:22:16 -03 2023 1: File pid.txt not found
Sun Jan 22 23:22:16 -03 2023 1: executing desafio-02.py
Sun Jan 22 23:22:17 -03 2023 1: File pid.txt not found
Sun Jan 22 23:22:17 -03 2023 1: executing desafio-02.py
Sun Jan 22 23:22:17 -03 2023 1: File pid.txt not found
Sun Jan 22 23:22:17 -03 2023 1: executing desafio-02.py
Sun Jan 22 23:38:36 -03 2023 1: File pid.txt not found
Sun Jan 22 23:38:36 -03 2023 1: executing desafio-02.py
Sun Jan 22 23:38:36 -03 2023 1: File pid.txt not found
Sun Jan 22 23:38:36 -03 2023 1: executing desafio-02.py
Sun Jan 22 23:38:36 -03 2023 1: File pid.txt not found
Sun Jan 22 23:38:36 -03 2023 1: executing desafio-02.py
Sun Jan 22 23:38:37 -03 2023 1: File pid.txt not found
Sun Jan 22 23:38:37 -03 2023 1: executing desafio-02.py
Sun Jan 22 23:38:37 -03 2023 1: File pid.txt not found
Sun Jan 22 23:38:37 -03 2023 1: executing desafio-02.py
Sun Jan 22 23:38:38 -03 2023 1: File pid.txt not found
Sun Jan 22 23:38:38 -03 2023 1: executing desafio-02.py
Sun Jan 22 23:38:38 -03 2023 1: File pid.txt not found
Sun Jan 22 23:38:38 -03 2023 1: executing desafio-02.py
Sun Jan 22 23:38:38 -03 2023 1: File pid.txt not found
Sun Jan 22 23:38:38 -03 2023 1: executing desafio-02.py
Sun Jan 22 23:38:38 -03 2023 1: File pid.txt not found
Sun Jan 22 23:38:38 -03 2023 1: executing desafio-02.py
Sun Jan 22 23:38:39 -03 2023 1: File pid.txt not found
Sun Jan 22 23:38:39 -03 2023 1: executing desafio-02.py
Sun Jan 22 23:38:39 -03 2023 1: File pid.txt not found
Sun Jan 22 23:38:39 -03 2023 1: executing desafio-02.py
Sun Jan 22 23:38:39 -03 2023 1: File pid.txt not found
Sun Jan 22 23:38:39 -03 2023 1: executing desafio-02.py
Sun Jan 22 23:38:40 -03 2023 1: File pid.txt not found
Sun Jan 22 23:38:40 -03 2023 1: executing desafio-02.py
Sun Jan 22 23:39:16 -03 2023 1: File pid.txt not found
Sun Jan 22 23:39:16 -03 2023 1: executing desafio-02.py
Sun Jan 22 23:39:16 -03 2023 1: File pid.txt not found
Sun Jan 22 23:39:16 -03 2023 1: executing desafio-02.py
Sun Jan 22 23:39:16 -03 2023 1: File pid.txt not found
Sun Jan 22 23:39:16 -03 2023 1: executing desafio-02.py
Sun Jan 22 23:39:16 -03 2023 1: File pid.txt not found
Sun Jan 22 23:39:16 -03 2023 1: executing desafio-02.py
Sun Jan 22 23:39:16 -03 2023 1: File pid.txt not found
Sun Jan 22 23:39:16 -03 2023 1: executing desafio-02.py
Sun Jan 22 23:39:16 -03 2023 1: File pid.txt not found
Sun Jan 22 23:39:16 -03 2023 1: executing desafio-02.py
Sun Jan 22 23:39:16 -03 2023 1: File pid.txt not found
Sun Jan 22 23:39:16 -03 2023 1: executing desafio-02.py
Sun Jan 22 23:39:16 -03 2023 1: File pid.txt not found
Sun Jan 22 23:39:16 -03 2023 1: executing desafio-02.py
Sun Jan 22 23:39:16 -03 2023 1: File pid.txt not found
Sun Jan 22 23:39:16 -03 2023 1: executing desafio-02.py
Sun Jan 22 23:39:16 -03 2023 1: File pid.txt not found
Sun Jan 22 23:39:16 -03 2023 1: executing desafio-02.py
Sun Jan 22 23:39:16 -03 2023 1: File pid.txt not found
Sun Jan 22 23:39:16 -03 2023 1: executing desafio-02.py
Sun Jan 22 23:39:16 -03 2023 1: File pid.txt not found
Sun Jan 22 23:39:16 -03 2023 1: executing desafio-02.py
Sun Jan 22 23:39:16 -03 2023 1: File pid.txt not found
Sun Jan 22 23:39:16 -03 2023 1: executing desafio-02.py
Sun Jan 22 23:39:16 -03 2023 1: File pid.txt not found
Sun Jan 22 23:39:16 -03 2023 1: executing desafio-02.py
Sun Jan 22 23:39:16 -03 2023 1: File pid.txt not found
Sun Jan 22 23:39:16 -03 2023 1: executing desafio-02.py
Sun Jan 22 23:39:16 -03 2023 1: File pid.txt not found
Sun Jan 22 23:39:16 -03 2023 1: executing desafio-02.py
Sun Jan 22 23:39:16 -03 2023 1: File pid.txt not found
Sun Jan 22 23:39:16 -03 2023 1: executing desafio-02.py
Sun Jan 22 23:39:16 -03 2023 1: File pid.txt not found
Sun Jan 22 23:39:16 -03 2023 1: executing desafio-02.py
Sun Jan 22 23:39:16 -03 2023 1: File pid.txt not found
Sun Jan 22 23:39:16 -03 2023 1: executing desafio-02.py
Sun Jan 22 23:39:16 -03 2023 1: File pid.txt not found
Sun Jan 22 23:39:16 -03 2023 1: executing desafio-02.py
Sun Jan 22 23:39:16 -03 2023 1: File pid.txt not found
Sun Jan 22 23:39:16 -03 2023 1: executing desafio-02.py
Sun Jan 22 23:39:16 -03 2023 1: File pid.txt not found
Sun Jan 22 23:39:16 -03 2023 1: executing desafio-02.py
Sun Jan 22 23:39:16 -03 2023 1: File pid.txt not found
Sun Jan 22 23:39:16 -03 2023 1: executing desafio-02.py
Sun Jan 22 23:39:16 -03 2023 1: File pid.txt not found
Sun Jan 22 23:39:16 -03 2023 1: executing desafio-02.py
Sun Jan 22 23:39:16 -03 2023 1: File pid.txt not found
Sun Jan 22 23:39:16 -03 2023 1: executing desafio-02.py
Sun Jan 22 23:39:16 -03 2023 1: File pid.txt not found
Sun Jan 22 23:39:16 -03 2023 1: executing desafio-02.py
Sun Jan 22 23:39:16 -03 2023 1: File pid.txt not found
Sun Jan 22 23:39:16 -03 2023 1: executing desafio-02.py
Sun Jan 22 23:39:16 -03 2023 1: File pid.txt not found
Sun Jan 22 23:39:16 -03 2023 1: executing desafio-02.py
Sun Jan 22 23:39:16 -03 2023 1: File pid.txt not found
Sun Jan 22 23:39:16 -03 2023 1: executing desafio-02.py
Sun Jan 22 23:39:16 -03 2023 1: File pid.txt not found
Sun Jan 22 23:39:16 -03 2023 1: executing desafio-02.py
Sun Jan 22 23:39:16 -03 2023 1: File pid.txt not found
Sun Jan 22 23:39:16 -03 2023 1: executing desafio-02.py
Sun Jan 22 23:39:16 -03 2023 1: File pid.txt not found
Sun Jan 22 23:39:16 -03 2023 1: executing desafio-02.py
Sun Jan 22 23:39:16 -03 2023 1: File pid.txt not found
Sun Jan 22 23:39:16 -03 2023 1: executing desafio-02.py
Sun Jan 22 23:39:16 -03 2023 1: File pid.txt not found
Sun Jan 22 23:39:16 -03 2023 1: executing desafio-02.py
Sun Jan 22 23:39:16 -03 2023 1: File pid.txt not found
Sun Jan 22 23:39:16 -03 2023 1: executing desafio-02.py
Sun Jan 22 23:39:16 -03 2023 1: File pid.txt not found
Sun Jan 22 23:39:16 -03 2023 1: executing desafio-02.py
Sun Jan 22 23:39:16 -03 2023 1: File pid.txt not found
Sun Jan 22 23:39:16 -03 2023 1: executing desafio-02.py
Sun Jan 22 23:39:16 -03 2023 1: File pid.txt not found
Sun Jan 22 23:39:16 -03 2023 1: executing desafio-02.py
Sun Jan 22 23:39:16 -03 2023 1: File pid.txt not found
Sun Jan 22 23:39:16 -03 2023 1: executing desafio-02.py
Sun Jan 22 23:39:16 -03 2023 1: File pid.txt not found
Sun Jan 22 23:39:16 -03 2023 1: executing desafio-02.py
Sun Jan 22 23:39:16 -03 2023 1: File pid.txt not found
Sun Jan 22 23:39:16 -03 2023 1: executing desafio-02.py
Sun Jan 22 23:39:16 -03 2023 1: File pid.txt not found
Sun Jan 22 23:39:16 -03 2023 1: executing desafio-02.py
Sun Jan 22 23:39:16 -03 2023 1: File pid.txt not found
Sun Jan 22 23:39:16 -03 2023 1: executing desafio-02.py
Sun Jan 22 23:39:16 -03 2023 1: File pid.txt not found
Sun Jan 22 23:39:16 -03 2023 1: executing desafio-02.py
Sun Jan 22 23:39:16 -03 2023 1: File pid.txt not found
Sun Jan 22 23:39:16 -03 2023 1: executing desafio-02.py
Sun Jan 22 23:39:16 -03 2023 1: File pid.txt not found
Sun Jan 22 23:39:16 -03 2023 1: executing desafio-02.py
Sun Jan 22 23:39:16 -03 2023 1: File pid.txt not found
Sun Jan 22 23:39:16 -03 2023 1: executing desafio-02.py
Sun Jan 22 23:39:16 -03 2023 1: File pid.txt not found
Sun Jan 22 23:39:16 -03 2023 1: executing desafio-02.py
Sun Jan 22 23:39:16 -03 2023 1: File pid.txt not found
Sun Jan 22 23:39:16 -03 2023 1: executing desafio-02.py
Sun Jan 22 23:39:16 -03 2023 1: File pid.txt not found
Sun Jan 22 23:39:16 -03 2023 1: executing desafio-02.py
Sun Jan 22 23:39:16 -03 2023 1: File pid.txt not found
Sun Jan 22 23:39:16 -03 2023 1: executing desafio-02.py
Sun Jan 22 23:39:16 -03 2023 1: File pid.txt not found
Sun Jan 22 23:39:16 -03 2023 1: executing desafio-02.py
Sun Jan 22 23:39:16 -03 2023 1: File pid.txt not found
Sun Jan 22 23:39:17 -03 2023 1: executing desafio-02.py
Sun Jan 22 23:39:17 -03 2023 1: File pid.txt not found
Sun Jan 22 23:39:17 -03 2023 1: executing desafio-02.py
Sun Jan 22 23:39:17 -03 2023 1: File pid.txt not found
Sun Jan 22 23:39:17 -03 2023 1: executing desafio-02.py
Sun Jan 22 23:39:17 -03 2023 1: File pid.txt not found
Sun Jan 22 23:39:17 -03 2023 1: executing desafio-02.py
Sun Jan 22 23:39:17 -03 2023 1: File pid.txt not found
Sun Jan 22 23:39:17 -03 2023 1: executing desafio-02.py
Sun Jan 22 23:39:17 -03 2023 1: File pid.txt not found
Sun Jan 22 23:39:17 -03 2023 1: executing desafio-02.py
Sun Jan 22 23:39:17 -03 2023 1: File pid.txt not found
Sun Jan 22 23:39:17 -03 2023 1: executing desafio-02.py
Sun Jan 22 23:39:17 -03 2023 1: File pid.txt not found
Sun Jan 22 23:39:17 -03 2023 1: executing desafio-02.py
Sun Jan 22 23:39:17 -03 2023 1: File pid.txt not found
Sun Jan 22 23:39:17 -03 2023 1: executing desafio-02.py
Sun Jan 22 23:39:17 -03 2023 1: File pid.txt not found
Sun Jan 22 23:39:17 -03 2023 1: executing desafio-02.py
Sun Jan 22 23:39:17 -03 2023 1: File pid.txt not found
Sun Jan 22 23:39:17 -03 2023 1: executing desafio-02.py
Sun Jan 22 23:39:17 -03 2023 1: File pid.txt not found
Sun Jan 22 23:39:17 -03 2023 1: executing desafio-02.py
Sun Jan 22 23:39:17 -03 2023 1: File pid.txt not found
Sun Jan 22 23:39:17 -03 2023 1: executing desafio-02.py
Sun Jan 22 23:39:17 -03 2023 1: File pid.txt not found
Sun Jan 22 23:39:17 -03 2023 1: executing desafio-02.py
Sun Jan 22 23:39:17 -03 2023 1: File pid.txt not found
Sun Jan 22 23:39:17 -03 2023 1: executing desafio-02.py
Sun Jan 22 23:39:17 -03 2023 1: File pid.txt not found
Sun Jan 22 23:39:17 -03 2023 1: executing desafio-02.py
Sun Jan 22 23:39:17 -03 2023 1: File pid.txt not found
Sun Jan 22 23:39:17 -03 2023 1: executing desafio-02.py
Sun Jan 22 23:39:17 -03 2023 1: File pid.txt not found
Sun Jan 22 23:39:17 -03 2023 1: executing desafio-02.py
Sun Jan 22 23:39:17 -03 2023 1: File pid.txt not found
Sun Jan 22 23:39:17 -03 2023 1: executing desafio-02.py
Sun Jan 22 23:39:17 -03 2023 1: File pid.txt not found
Sun Jan 22 23:39:17 -03 2023 1: executing desafio-02.py
Sun Jan 22 23:39:17 -03 2023 1: File pid.txt not found
Sun Jan 22 23:39:17 -03 2023 1: executing desafio-02.py
Sun Jan 22 23:39:17 -03 2023 1: File pid.txt not found
Sun Jan 22 23:39:17 -03 2023 1: executing desafio-02.py
Sun Jan 22 23:39:17 -03 2023 1: File pid.txt not found
Sun Jan 22 23:39:17 -03 2023 1: executing desafio-02.py
Sun Jan 22 23:39:17 -03 2023 1: File pid.txt not found
Sun Jan 22 23:39:17 -03 2023 1: executing desafio-02.py
Sun Jan 22 23:39:17 -03 2023 1: File pid.txt not found
Sun Jan 22 23:39:17 -03 2023 1: executing desafio-02.py
Sun Jan 22 23:39:17 -03 2023 1: File pid.txt not found
Sun Jan 22 23:39:17 -03 2023 1: executing desafio-02.py
Sun Jan 22 23:39:17 -03 2023 1: File pid.txt not found
Sun Jan 22 23:39:17 -03 2023 1: executing desafio-02.py
Sun Jan 22 23:39:17 -03 2023 1: File pid.txt not found
Sun Jan 22 23:39:17 -03 2023 1: executing desafio-02.py
Sun Jan 22 23:39:17 -03 2023 1: File pid.txt not found
Sun Jan 22 23:39:17 -03 2023 1: executing desafio-02.py
Sun Jan 22 23:39:17 -03 2023 1: File pid.txt not found
Sun Jan 22 23:39:17 -03 2023 1: executing desafio-02.py
Sun Jan 22 23:39:17 -03 2023 1: File pid.txt not found
Sun Jan 22 23:39:17 -03 2023 1: executing desafio-02.py
Sun Jan 22 23:39:17 -03 2023 1: File pid.txt not found
Sun Jan 22 23:39:17 -03 2023 1: executing desafio-02.py
Sun Jan 22 23:39:17 -03 2023 1: File pid.txt not found
Sun Jan 22 23:39:17 -03 2023 1: executing desafio-02.py
Sun Jan 22 23:39:17 -03 2023 1: File pid.txt not found
Sun Jan 22 23:39:17 -03 2023 1: executing desafio-02.py
Sun Jan 22 23:39:17 -03 2023 1: File pid.txt not found
Sun Jan 22 23:39:17 -03 2023 1: executing desafio-02.py
Sun Jan 22 23:39:17 -03 2023 1: File pid.txt not found
Sun Jan 22 23:39:17 -03 2023 1: executing desafio-02.py
Sun Jan 22 23:39:17 -03 2023 1: File pid.txt not found
Sun Jan 22 23:39:17 -03 2023 1: executing desafio-02.py
Sun Jan 22 23:39:17 -03 2023 1: File pid.txt not found
Sun Jan 22 23:39:17 -03 2023 1: executing desafio-02.py
Sun Jan 22 23:39:17 -03 2023 1: File pid.txt not found
Sun Jan 22 23:39:17 -03 2023 1: executing desafio-02.py
Sun Jan 22 23:39:17 -03 2023 1: File pid.txt not found
Sun Jan 22 23:39:17 -03 2023 1: executing desafio-02.py
Sun Jan 22 23:39:17 -03 2023 1: File pid.txt not found
Sun Jan 22 23:39:17 -03 2023 1: executing desafio-02.py
Sun Jan 22 23:39:17 -03 2023 1: File pid.txt not found
Sun Jan 22 23:39:17 -03 2023 1: executing desafio-02.py
Sun Jan 22 23:39:17 -03 2023 1: File pid.txt not found
Sun Jan 22 23:39:17 -03 2023 1: executing desafio-02.py
Sun Jan 22 23:39:17 -03 2023 1: File pid.txt not found
Sun Jan 22 23:39:17 -03 2023 1: executing desafio-02.py
Sun Jan 22 23:39:17 -03 2023 1: File pid.txt not found
Sun Jan 22 23:39:17 -03 2023 1: executing desafio-02.py
Sun Jan 22 23:39:17 -03 2023 1: File pid.txt not found
Sun Jan 22 23:39:17 -03 2023 1: executing desafio-02.py
Sun Jan 22 23:39:17 -03 2023 1: File pid.txt not found
Sun Jan 22 23:39:17 -03 2023 1: executing desafio-02.py
Sun Jan 22 23:39:17 -03 2023 1: File pid.txt not found
Sun Jan 22 23:39:17 -03 2023 1: executing desafio-02.py
Sun Jan 22 23:39:17 -03 2023 1: File pid.txt not found
Sun Jan 22 23:39:17 -03 2023 1: executing desafio-02.py
Sun Jan 22 23:39:17 -03 2023 1: File pid.txt not found
Sun Jan 22 23:39:17 -03 2023 1: executing desafio-02.py
Sun Jan 22 23:39:17 -03 2023 1: File pid.txt not found
Sun Jan 22 23:39:17 -03 2023 1: executing desafio-02.py
Sun Jan 22 23:39:17 -03 2023 1: File pid.txt not found
Sun Jan 22 23:39:17 -03 2023 1: executing desafio-02.py
Sun Jan 22 23:39:17 -03 2023 1: File pid.txt not found
Sun Jan 22 23:39:17 -03 2023 1: executing desafio-02.py
Sun Jan 22 23:39:17 -03 2023 1: File pid.txt not found
Sun Jan 22 23:39:17 -03 2023 1: executing desafio-02.py
Sun Jan 22 23:39:17 -03 2023 1: File pid.txt not found
Sun Jan 22 23:39:17 -03 2023 1: executing desafio-02.py
Sun Jan 22 23:39:17 -03 2023 1: File pid.txt not found
Sun Jan 22 23:39:17 -03 2023 1: executing desafio-02.py
Sun Jan 22 23:39:17 -03 2023 1: File pid.txt not found
Sun Jan 22 23:39:17 -03 2023 1: executing desafio-02.py
Sun Jan 22 23:39:17 -03 2023 1: File pid.txt not found
Sun Jan 22 23:39:17 -03 2023 1: executing desafio-02.py
Sun Jan 22 23:39:17 -03 2023 1: File pid.txt not found
Sun Jan 22 23:39:17 -03 2023 1: executing desafio-02.py
Sun Jan 22 23:39:17 -03 2023 1: File pid.txt not found
Sun Jan 22 23:39:17 -03 2023 1: executing desafio-02.py
Sun Jan 22 23:39:17 -03 2023 1: File pid.txt not found
Sun Jan 22 23:39:17 -03 2023 1: executing desafio-02.py
Sun Jan 22 23:39:17 -03 2023 1: File pid.txt not found
Sun Jan 22 23:39:17 -03 2023 1: executing desafio-02.py
Sun Jan 22 23:39:17 -03 2023 1: File pid.txt not found
Sun Jan 22 23:39:17 -03 2023 1: executing desafio-02.py
Sun Jan 22 23:39:17 -03 2023 1: File pid.txt not found
Sun Jan 22 23:39:17 -03 2023 1: executing desafio-02.py
Sun Jan 22 23:39:17 -03 2023 1: File pid.txt not found
Sun Jan 22 23:39:17 -03 2023 1: executing desafio-02.py
Sun Jan 22 23:39:17 -03 2023 1: File pid.txt not found
Sun Jan 22 23:39:17 -03 2023 1: executing desafio-02.py
Sun Jan 22 23:39:17 -03 2023 1: File pid.txt not found
Sun Jan 22 23:39:18 -03 2023 1: executing desafio-02.py
Sun Jan 22 23:39:18 -03 2023 1: File pid.txt not found
Sun Jan 22 23:39:18 -03 2023 1: executing desafio-02.py
Sun Jan 22 23:39:18 -03 2023 1: File pid.txt not found
Sun Jan 22 23:39:18 -03 2023 1: executing desafio-02.py
Sun Jan 22 23:39:18 -03 2023 1: File pid.txt not found
Sun Jan 22 23:39:18 -03 2023 1: executing desafio-02.py
Sun Jan 22 23:39:18 -03 2023 1: File pid.txt not found
Sun Jan 22 23:39:18 -03 2023 1: executing desafio-02.py
Sun Jan 22 23:39:18 -03 2023 1: File pid.txt not found
Sun Jan 22 23:39:18 -03 2023 1: executing desafio-02.py
Sun Jan 22 23:39:18 -03 2023 1: File pid.txt not found
Sun Jan 22 23:39:18 -03 2023 1: executing desafio-02.py
Sun Jan 22 23:39:18 -03 2023 1: File pid.txt not found
Sun Jan 22 23:39:18 -03 2023 1: executing desafio-02.py
Sun Jan 22 23:39:18 -03 2023 1: File pid.txt not found
Sun Jan 22 23:39:18 -03 2023 1: executing desafio-02.py
Sun Jan 22 23:39:18 -03 2023 1: File pid.txt not found
Sun Jan 22 23:39:18 -03 2023 1: executing desafio-02.py
Sun Jan 22 23:39:18 -03 2023 1: File pid.txt not found
Sun Jan 22 23:39:18 -03 2023 1: executing desafio-02.py
Sun Jan 22 23:39:18 -03 2023 1: File pid.txt not found
Sun Jan 22 23:39:18 -03 2023 1: executing desafio-02.py
Sun Jan 22 23:39:18 -03 2023 1: File pid.txt not found
Sun Jan 22 23:39:18 -03 2023 1: executing desafio-02.py
Sun Jan 22 23:39:18 -03 2023 1: File pid.txt not found
Sun Jan 22 23:39:18 -03 2023 1: executing desafio-02.py
Sun Jan 22 23:39:18 -03 2023 1: File pid.txt not found
Sun Jan 22 23:39:18 -03 2023 1: executing desafio-02.py
Sun Jan 22 23:39:18 -03 2023 1: File pid.txt not found
Sun Jan 22 23:39:18 -03 2023 1: executing desafio-02.py
Sun Jan 22 23:39:18 -03 2023 1: File pid.txt not found
Sun Jan 22 23:39:18 -03 2023 1: executing desafio-02.py
Sun Jan 22 23:39:18 -03 2023 1: File pid.txt not found
Sun Jan 22 23:39:18 -03 2023 1: executing desafio-02.py
Sun Jan 22 23:39:18 -03 2023 1: File pid.txt not found
Sun Jan 22 23:39:18 -03 2023 1: executing desafio-02.py
Sun Jan 22 23:39:18 -03 2023 1: File pid.txt not found
Sun Jan 22 23:39:18 -03 2023 1: executing desafio-02.py
Sun Jan 22 23:39:18 -03 2023 1: File pid.txt not found
Sun Jan 22 23:39:18 -03 2023 1: executing desafio-02.py
Sun Jan 22 23:39:18 -03 2023 1: File pid.txt not found
Sun Jan 22 23:39:18 -03 2023 1: executing desafio-02.py
Sun Jan 22 23:39:18 -03 2023 1: File pid.txt not found
Sun Jan 22 23:39:18 -03 2023 1: executing desafio-02.py
Sun Jan 22 23:39:18 -03 2023 1: File pid.txt not found
Sun Jan 22 23:39:18 -03 2023 1: executing desafio-02.py
Sun Jan 22 23:39:18 -03 2023 1: File pid.txt not found
Sun Jan 22 23:39:18 -03 2023 1: executing desafio-02.py
Sun Jan 22 23:39:18 -03 2023 1: File pid.txt not found
Sun Jan 22 23:39:18 -03 2023 1: executing desafio-02.py
Sun Jan 22 23:39:18 -03 2023 1: File pid.txt not found
Sun Jan 22 23:39:18 -03 2023 1: executing desafio-02.py
Sun Jan 22 23:39:18 -03 2023 1: File pid.txt not found
Sun Jan 22 23:39:18 -03 2023 1: executing desafio-02.py
Sun Jan 22 23:39:18 -03 2023 1: File pid.txt not found
Sun Jan 22 23:39:18 -03 2023 1: executing desafio-02.py
Sun Jan 22 23:39:18 -03 2023 1: File pid.txt not found
Sun Jan 22 23:39:18 -03 2023 1: executing desafio-02.py
Sun Jan 22 23:39:18 -03 2023 1: File pid.txt not found
Sun Jan 22 23:39:18 -03 2023 1: executing desafio-02.py
Sun Jan 22 23:39:18 -03 2023 1: File pid.txt not found
Sun Jan 22 23:39:18 -03 2023 1: executing desafio-02.py
Sun Jan 22 23:39:18 -03 2023 1: File pid.txt not found
Sun Jan 22 23:39:18 -03 2023 1: executing desafio-02.py
Sun Jan 22 23:39:18 -03 2023 1: File pid.txt not found
Sun Jan 22 23:39:18 -03 2023 1: executing desafio-02.py
Sun Jan 22 23:39:18 -03 2023 1: File pid.txt not found
Sun Jan 22 23:39:18 -03 2023 1: executing desafio-02.py
Sun Jan 22 23:39:18 -03 2023 1: File pid.txt not found
Sun Jan 22 23:39:18 -03 2023 1: executing desafio-02.py
Sun Jan 22 23:39:18 -03 2023 1: File pid.txt not found
Sun Jan 22 23:39:18 -03 2023 1: executing desafio-02.py
Sun Jan 22 23:39:18 -03 2023 1: File pid.txt not found
Sun Jan 22 23:39:18 -03 2023 1: executing desafio-02.py
Sun Jan 22 23:39:18 -03 2023 1: File pid.txt not found
Sun Jan 22 23:39:18 -03 2023 1: executing desafio-02.py
Sun Jan 22 23:39:18 -03 2023 1: File pid.txt not found
Sun Jan 22 23:39:18 -03 2023 1: executing desafio-02.py
Sun Jan 22 23:39:18 -03 2023 1: File pid.txt not found
Sun Jan 22 23:39:18 -03 2023 1: executing desafio-02.py
Sun Jan 22 23:39:18 -03 2023 1: File pid.txt not found
Sun Jan 22 23:39:18 -03 2023 1: executing desafio-02.py
Sun Jan 22 23:39:18 -03 2023 1: File pid.txt not found
Sun Jan 22 23:39:18 -03 2023 1: executing desafio-02.py
Sun Jan 22 23:39:18 -03 2023 1: File pid.txt not found
Sun Jan 22 23:39:18 -03 2023 1: executing desafio-02.py
Sun Jan 22 23:39:18 -03 2023 1: File pid.txt not found
Sun Jan 22 23:39:18 -03 2023 1: executing desafio-02.py
Sun Jan 22 23:39:18 -03 2023 1: File pid.txt not found
Sun Jan 22 23:39:18 -03 2023 1: executing desafio-02.py
Sun Jan 22 23:39:18 -03 2023 1: File pid.txt not found
Sun Jan 22 23:39:18 -03 2023 1: executing desafio-02.py
Sun Jan 22 23:39:18 -03 2023 1: File pid.txt not found
Sun Jan 22 23:39:18 -03 2023 1: executing desafio-02.py
Sun Jan 22 23:39:18 -03 2023 1: File pid.txt not found
Sun Jan 22 23:39:18 -03 2023 1: executing desafio-02.py
Sun Jan 22 23:39:18 -03 2023 1: File pid.txt not found
Sun Jan 22 23:39:18 -03 2023 1: executing desafio-02.py
Sun Jan 22 23:39:18 -03 2023 1: File pid.txt not found
Sun Jan 22 23:39:18 -03 2023 1: executing desafio-02.py
Sun Jan 22 23:39:18 -03 2023 1: File pid.txt not found
Sun Jan 22 23:39:18 -03 2023 1: executing desafio-02.py
Sun Jan 22 23:39:18 -03 2023 1: File pid.txt not found
Sun Jan 22 23:39:18 -03 2023 1: executing desafio-02.py
Sun Jan 22 23:39:18 -03 2023 1: File pid.txt not found
Sun Jan 22 23:39:18 -03 2023 1: executing desafio-02.py
Sun Jan 22 23:39:18 -03 2023 1: File pid.txt not found
Sun Jan 22 23:39:18 -03 2023 1: executing desafio-02.py
Sun Jan 22 23:39:18 -03 2023 1: File pid.txt not found
Sun Jan 22 23:39:18 -03 2023 1: executing desafio-02.py
Sun Jan 22 23:39:18 -03 2023 1: File pid.txt not found
Sun Jan 22 23:39:18 -03 2023 1: executing desafio-02.py
Sun Jan 22 23:39:18 -03 2023 1: File pid.txt not found
Sun Jan 22 23:39:18 -03 2023 1: executing desafio-02.py
Sun Jan 22 23:39:18 -03 2023 1: File pid.txt not found
Sun Jan 22 23:39:18 -03 2023 1: executing desafio-02.py
Sun Jan 22 23:39:18 -03 2023 1: File pid.txt not found
Sun Jan 22 23:39:18 -03 2023 1: executing desafio-02.py
Sun Jan 22 23:39:18 -03 2023 1: File pid.txt not found
Sun Jan 22 23:39:18 -03 2023 1: executing desafio-02.py
Sun Jan 22 23:39:18 -03 2023 1: File pid.txt not found
Sun Jan 22 23:39:18 -03 2023 1: executing desafio-02.py
Sun Jan 22 23:39:18 -03 2023 1: File pid.txt not found
Sun Jan 22 23:39:18 -03 2023 1: executing desafio-02.py
Sun Jan 22 23:39:18 -03 2023 1: File pid.txt not found
Sun Jan 22 23:39:18 -03 2023 1: executing desafio-02.py
Sun Jan 22 23:39:18 -03 2023 1: File pid.txt not found
Sun Jan 22 23:39:18 -03 2023 1: executing desafio-02.py
Sun Jan 22 23:39:19 -03 2023 1: File pid.txt not found
Sun Jan 22 23:39:19 -03 2023 1: executing desafio-02.py
Sun Jan 22 23:39:19 -03 2023 1: File pid.txt not found
Sun Jan 22 23:39:19 -03 2023 1: executing desafio-02.py
Sun Jan 22 23:39:19 -03 2023 1: File pid.txt not found
Sun Jan 22 23:39:19 -03 2023 1: executing desafio-02.py
Sun Jan 22 23:39:19 -03 2023 1: File pid.txt not found
Sun Jan 22 23:39:19 -03 2023 1: executing desafio-02.py
Sun Jan 22 23:39:19 -03 2023 1: File pid.txt not found
Sun Jan 22 23:39:19 -03 2023 1: executing desafio-02.py
Sun Jan 22 23:39:19 -03 2023 1: File pid.txt not found
Sun Jan 22 23:39:19 -03 2023 1: executing desafio-02.py
Sun Jan 22 23:39:19 -03 2023 1: File pid.txt not found
Sun Jan 22 23:39:19 -03 2023 1: executing desafio-02.py
Sun Jan 22 23:39:19 -03 2023 1: File pid.txt not found
Sun Jan 22 23:39:19 -03 2023 1: executing desafio-02.py
Sun Jan 22 23:39:19 -03 2023 1: File pid.txt not found
Sun Jan 22 23:39:19 -03 2023 1: executing desafio-02.py
Sun Jan 22 23:39:19 -03 2023 1: File pid.txt not found
Sun Jan 22 23:39:19 -03 2023 1: executing desafio-02.py
Sun Jan 22 23:39:19 -03 2023 1: File pid.txt not found
Sun Jan 22 23:39:19 -03 2023 1: executing desafio-02.py
Sun Jan 22 23:39:19 -03 2023 1: File pid.txt not found
Sun Jan 22 23:39:19 -03 2023 1: executing desafio-02.py
Sun Jan 22 23:39:19 -03 2023 1: File pid.txt not found
Sun Jan 22 23:39:19 -03 2023 1: executing desafio-02.py
Sun Jan 22 23:39:19 -03 2023 1: File pid.txt not found
Sun Jan 22 23:39:19 -03 2023 1: executing desafio-02.py
Sun Jan 22 23:39:19 -03 2023 1: File pid.txt not found
Sun Jan 22 23:39:19 -03 2023 1: executing desafio-02.py
Sun Jan 22 23:39:19 -03 2023 1: File pid.txt not found
Sun Jan 22 23:39:19 -03 2023 1: executing desafio-02.py
Sun Jan 22 23:39:19 -03 2023 1: File pid.txt not found
Sun Jan 22 23:39:19 -03 2023 1: executing desafio-02.py
Sun Jan 22 23:39:19 -03 2023 1: File pid.txt not found
Sun Jan 22 23:39:19 -03 2023 1: executing desafio-02.py
Sun Jan 22 23:39:19 -03 2023 1: File pid.txt not found
Sun Jan 22 23:39:19 -03 2023 1: executing desafio-02.py
Sun Jan 22 23:39:19 -03 2023 1: File pid.txt not found
Sun Jan 22 23:39:19 -03 2023 1: executing desafio-02.py
Sun Jan 22 23:39:19 -03 2023 1: File pid.txt not found
Sun Jan 22 23:39:19 -03 2023 1: executing desafio-02.py
Sun Jan 22 23:39:19 -03 2023 1: File pid.txt not found
Sun Jan 22 23:39:19 -03 2023 1: executing desafio-02.py
Sun Jan 22 23:39:19 -03 2023 1: File pid.txt not found
Sun Jan 22 23:39:19 -03 2023 1: executing desafio-02.py
Sun Jan 22 23:39:19 -03 2023 1: File pid.txt not found
Sun Jan 22 23:39:19 -03 2023 1: executing desafio-02.py
Sun Jan 22 23:39:59 -03 2023 1: File pid.txt not found
Sun Jan 22 23:39:59 -03 2023 1: executing desafio-02.py
Sun Jan 22 23:39:59 -03 2023 1: File pid.txt not found
Sun Jan 22 23:39:59 -03 2023 1: executing desafio-02.py
Sun Jan 22 23:39:59 -03 2023 1: File pid.txt not found
Sun Jan 22 23:39:59 -03 2023 1: executing desafio-02.py
Sun Jan 22 23:39:59 -03 2023 1: File pid.txt not found
Sun Jan 22 23:39:59 -03 2023 1: executing desafio-02.py
Sun Jan 22 23:39:59 -03 2023 1: File pid.txt not found
Sun Jan 22 23:40:00 -03 2023 1: executing desafio-02.py
Sun Jan 22 23:40:00 -03 2023 1: File pid.txt not found
Sun Jan 22 23:40:00 -03 2023 1: executing desafio-02.py
Sun Jan 22 23:40:00 -03 2023 1: File pid.txt not found
Sun Jan 22 23:40:00 -03 2023 1: executing desafio-02.py
Sun Jan 22 23:40:00 -03 2023 1: File pid.txt not found
Sun Jan 22 23:40:00 -03 2023 1: executing desafio-02.py
Sun Jan 22 23:40:00 -03 2023 1: File pid.txt not found
Sun Jan 22 23:40:00 -03 2023 1: executing desafio-02.py
Sun Jan 22 23:40:00 -03 2023 1: File pid.txt not found
Sun Jan 22 23:40:00 -03 2023 1: executing desafio-02.py
Sun Jan 22 23:40:00 -03 2023 1: File pid.txt not found
Sun Jan 22 23:40:00 -03 2023 1: executing desafio-02.py
Sun Jan 22 23:40:01 -03 2023 1: File pid.txt not found
Sun Jan 22 23:40:01 -03 2023 1: executing desafio-02.py
Sun Jan 22 23:40:01 -03 2023 1: File pid.txt not found
Sun Jan 22 23:40:01 -03 2023 1: executing desafio-02.py
Sun Jan 22 23:40:01 -03 2023 1: File pid.txt not found
Sun Jan 22 23:40:01 -03 2023 1: executing desafio-02.py
Sun Jan 22 23:40:01 -03 2023 1: File pid.txt not found
Sun Jan 22 23:40:01 -03 2023 1: executing desafio-02.py
Sun Jan 22 23:40:01 -03 2023 1: File pid.txt not found
Sun Jan 22 23:40:01 -03 2023 1: executing desafio-02.py
Sun Jan 22 23:40:01 -03 2023 1: File pid.txt not found
Sun Jan 22 23:40:01 -03 2023 1: executing desafio-02.py
Sun Jan 22 23:40:01 -03 2023 1: File pid.txt not found
Sun Jan 22 23:40:01 -03 2023 1: executing desafio-02.py
Sun Jan 22 23:40:02 -03 2023 1: File pid.txt not found
Sun Jan 22 23:40:02 -03 2023 1: executing desafio-02.py
Sun Jan 22 23:40:02 -03 2023 1: File pid.txt not found
Sun Jan 22 23:40:02 -03 2023 1: executing desafio-02.py
Sun Jan 22 23:40:02 -03 2023 1: File pid.txt not found
Sun Jan 22 23:40:02 -03 2023 1: executing desafio-02.py
Sun Jan 22 23:40:02 -03 2023 1: File pid.txt not found
Sun Jan 22 23:40:02 -03 2023 1: executing desafio-02.py
Sun Jan 22 23:40:02 -03 2023 1: File pid.txt not found
Sun Jan 22 23:40:02 -03 2023 1: executing desafio-02.py
Sun Jan 22 23:40:02 -03 2023 1: File pid.txt not found
Sun Jan 22 23:40:02 -03 2023 1: executing desafio-02.py
Sun Jan 22 23:40:02 -03 2023 1: File pid.txt not found
Sun Jan 22 23:40:02 -03 2023 1: executing desafio-02.py
Sun Jan 22 23:40:03 -03 2023 1: File pid.txt not found
Sun Jan 22 23:40:03 -03 2023 1: executing desafio-02.py
Sun Jan 22 23:40:03 -03 2023 1: File pid.txt not found
Sun Jan 22 23:40:03 -03 2023 1: executing desafio-02.py
Sun Jan 22 23:40:03 -03 2023 1: File pid.txt not found
Sun Jan 22 23:40:03 -03 2023 1: executing desafio-02.py
Sun Jan 22 23:40:03 -03 2023 1: File pid.txt not found
Sun Jan 22 23:40:03 -03 2023 1: executing desafio-02.py
Sun Jan 22 23:40:03 -03 2023 1: File pid.txt not found
Sun Jan 22 23:40:03 -03 2023 1: executing desafio-02.py
Sun Jan 22 23:40:11 -03 2023 1: File pid.txt not found
Sun Jan 22 23:40:11 -03 2023 1: executing desafio-02.py
Sun Jan 22 23:40:12 -03 2023 1: File pid.txt not found
Sun Jan 22 23:40:12 -03 2023 1: executing desafio-02.py
Sun Jan 22 23:40:12 -03 2023 1: File pid.txt not found
Sun Jan 22 23:40:12 -03 2023 1: executing desafio-02.py
Sun Jan 22 23:40:12 -03 2023 1: File pid.txt not found
Sun Jan 22 23:40:12 -03 2023 1: executing desafio-02.py
Sun Jan 22 23:40:13 -03 2023 1: File pid.txt not found
Sun Jan 22 23:40:13 -03 2023 1: executing desafio-02.py
Sun Jan 22 23:40:13 -03 2023 1: File pid.txt not found
Sun Jan 22 23:40:13 -03 2023 1: executing desafio-02.py
Sun Jan 22 23:40:13 -03 2023 1: File pid.txt not found
Sun Jan 22 23:40:14 -03 2023 1: executing desafio-02.py
Sun Jan 22 23:40:14 -03 2023 1: File pid.txt not found
Sun Jan 22 23:40:14 -03 2023 1: executing desafio-02.py
Sun Jan 22 23:40:14 -03 2023 1: File pid.txt not found
Sun Jan 22 23:40:14 -03 2023 1: executing desafio-02.py
Sun Jan 22 23:40:15 -03 2023 1: File pid.txt not found
Sun Jan 22 23:40:15 -03 2023 1: executing desafio-02.py
Sun Jan 22 23:40:15 -03 2023 1: File pid.txt not found
Sun Jan 22 23:40:15 -03 2023 1: executing desafio-02.py
Sun Jan 22 23:40:15 -03 2023 1: File pid.txt not found
Sun Jan 22 23:40:15 -03 2023 1: executing desafio-02.py
Sun Jan 22 23:40:16 -03 2023 1: File pid.txt not found
Sun Jan 22 23:40:16 -03 2023 1: executing desafio-02.py
Sun Jan 22 23:40:16 -03 2023 1: File pid.txt not found
Sun Jan 22 23:40:16 -03 2023 1: executing desafio-02.py
Sun Jan 22 23:40:16 -03 2023 1: File pid.txt not found
Sun Jan 22 23:40:16 -03 2023 1: executing desafio-02.py
Sun Jan 22 23:40:17 -03 2023 1: File pid.txt not found
Sun Jan 22 23:40:17 -03 2023 1: executing desafio-02.py
Sun Jan 22 23:40:17 -03 2023 1: File pid.txt not found
Sun Jan 22 23:40:17 -03 2023 1: executing desafio-02.py
Sun Jan 22 23:40:17 -03 2023 1: File pid.txt not found
Sun Jan 22 23:40:17 -03 2023 1: executing desafio-02.py
Sun Jan 22 23:40:18 -03 2023 1: File pid.txt not found
Sun Jan 22 23:40:18 -03 2023 1: executing desafio-02.py
Sun Jan 22 23:41:10 -03 2023 1: It is dead
Sun Jan 22 23:41:26 -03 2023 1: It is dead
Mon Jan 23 00:53:15 -03 2023 1: It is dead
Mon Jan 23 00:53:31 -03 2023 1: It is dead
Mon Jan 23 00:53:47 -03 2023 1: It is dead
